2021-11-29 15:15:30,930 [Worker-2: Loading available Gradle versions] INFO  o.e.b.c.i.u.g.PublishedGradleVersions - Gradle version information cache is up-to-date. Trying to read.
2021-11-29 15:16:06,571 [Worker-8: Building] INFO  o.e.m.c.i.l.LifecycleMappingFactory - Using org.eclipse.m2e.jdt.JarLifecycleMapping lifecycle mapping for MavenProject: Academy:E2EndProject:0.0.1-SNAPSHOT @ C:\Users\admin\GIT Y\pom.xml.
2021-11-29 15:16:06,599 [Worker-1: Updating Maven Dependencies] INFO  o.e.m.c.i.l.LifecycleMappingFactory - Using org.eclipse.m2e.jdt.JarLifecycleMapping lifecycle mapping for MavenProject: Academy:E2EndProject:0.0.1-SNAPSHOT @ C:\Users\admin\GIT Y\pom.xml.
2021-11-29 15:16:09,613 [Worker-8: Building] INFO  o.e.m.c.i.embedder.EclipseLogger - Using 'UTF-8' encoding to copy filtered resources.
2021-11-29 15:16:09,636 [Worker-8: Building] INFO  o.e.m.c.i.embedder.EclipseLogger - Copying 4 resources
2021-11-29 15:16:09,804 [Worker-8: Building] INFO  o.e.m.c.i.embedder.EclipseLogger - Using 'UTF-8' encoding to copy filtered resources.
2021-11-29 15:16:09,804 [Worker-8: Building] INFO  o.e.m.c.i.embedder.EclipseLogger - skip non existing resourceDirectory C:\Users\admin\GIT Y\src\test\resources
2021-11-29 15:16:12,614 [Worker-9: Updating Maven Dependencies] INFO  o.e.m.c.i.l.LifecycleMappingFactory - Using org.eclipse.m2e.jdt.JarLifecycleMapping lifecycle mapping for MavenProject: Academy:E2EndProject:0.0.1-SNAPSHOT @ C:\Users\admin\GIT Y\pom.xml.
2021-11-29 15:16:13,328 [Worker-2: Building] INFO  o.e.m.c.i.embedder.EclipseLogger - Using 'UTF-8' encoding to copy filtered resources.
2021-11-29 15:16:13,335 [Worker-2: Building] INFO  o.e.m.c.i.embedder.EclipseLogger - Copying 4 resources
2021-11-29 15:16:13,410 [Worker-2: Building] INFO  o.e.m.c.i.embedder.EclipseLogger - Using 'UTF-8' encoding to copy filtered resources.
2021-11-29 15:16:13,410 [Worker-2: Building] INFO  o.e.m.c.i.embedder.EclipseLogger - skip non existing resourceDirectory C:\Users\admin\GIT Y\src\test\resources
2021-11-29 15:16:15,020 [Worker-0: Building] INFO  o.e.m.c.i.embedder.EclipseLogger - Using 'UTF-8' encoding to copy filtered resources.
2021-11-29 15:16:15,021 [Worker-0: Building] INFO  o.e.m.c.i.embedder.EclipseLogger - Copying 0 resource
2021-11-29 15:16:15,024 [Worker-0: Building] INFO  o.e.m.c.i.embedder.EclipseLogger - Using 'UTF-8' encoding to copy filtered resources.
2021-11-29 15:16:15,024 [Worker-0: Building] INFO  o.e.m.c.i.embedder.EclipseLogger - skip non existing resourceDirectory C:\Users\admin\GIT Y\src\test\resources
2021-11-29 15:17:13,438 [Worker-10: Building] INFO  o.e.m.c.i.embedder.EclipseLogger - Using 'UTF-8' encoding to copy filtered resources.
2021-11-29 15:17:13,439 [Worker-10: Building] INFO  o.e.m.c.i.embedder.EclipseLogger - Copying 0 resource
2021-11-29 15:17:13,441 [Worker-10: Building] INFO  o.e.m.c.i.embedder.EclipseLogger - Using 'UTF-8' encoding to copy filtered resources.
2021-11-29 15:17:13,441 [Worker-10: Building] INFO  o.e.m.c.i.embedder.EclipseLogger - skip non existing resourceDirectory C:\Users\admin\GIT Y\src\test\resources
2021-11-29 15:18:22,723 [Worker-8: Building] INFO  o.e.m.c.i.embedder.EclipseLogger - Using 'UTF-8' encoding to copy filtered resources.
2021-11-29 15:18:22,725 [Worker-8: Building] INFO  o.e.m.c.i.embedder.EclipseLogger - Copying 4 resources
2021-11-29 15:18:22,738 [Worker-8: Building] INFO  o.e.m.c.i.embedder.EclipseLogger - Using 'UTF-8' encoding to copy filtered resources.
2021-11-29 15:18:22,739 [Worker-8: Building] INFO  o.e.m.c.i.embedder.EclipseLogger - skip non existing resourceDirectory C:\Users\admin\GIT Y\src\test\resources
2021-11-29 15:35:49,758 [Worker-17: Building] INFO  o.e.m.c.i.embedder.EclipseLogger - Using 'UTF-8' encoding to copy filtered resources.
2021-11-29 15:35:49,759 [Worker-17: Building] INFO  o.e.m.c.i.embedder.EclipseLogger - Copying 0 resource
2021-11-29 15:35:49,761 [Worker-17: Building] INFO  o.e.m.c.i.embedder.EclipseLogger - Using 'UTF-8' encoding to copy filtered resources.
2021-11-29 15:35:49,762 [Worker-17: Building] INFO  o.e.m.c.i.embedder.EclipseLogger - skip non existing resourceDirectory C:\Users\admin\GIT Y\src\test\resources
2021-11-29 15:36:23,809 [Worker-17: Building] INFO  o.e.m.c.i.embedder.EclipseLogger - Using 'UTF-8' encoding to copy filtered resources.
2021-11-29 15:36:23,810 [Worker-17: Building] INFO  o.e.m.c.i.embedder.EclipseLogger - Copying 0 resource
2021-11-29 15:36:23,813 [Worker-17: Building] INFO  o.e.m.c.i.embedder.EclipseLogger - Using 'UTF-8' encoding to copy filtered resources.
2021-11-29 15:36:23,814 [Worker-17: Building] INFO  o.e.m.c.i.embedder.EclipseLogger - skip non existing resourceDirectory C:\Users\admin\GIT Y\src\test\resources
2021-11-29 15:36:27,955 [Worker-17: Launching ValidationTitles] INFO  o.e.m.c.i.embedder.EclipseLogger - Using 'UTF-8' encoding to copy filtered resources.
2021-11-29 15:36:27,956 [Worker-17: Launching ValidationTitles] INFO  o.e.m.c.i.embedder.EclipseLogger - Copying 0 resource
2021-11-29 15:36:27,959 [Worker-17: Launching ValidationTitles] INFO  o.e.m.c.i.embedder.EclipseLogger - Using 'UTF-8' encoding to copy filtered resources.
2021-11-29 15:36:27,960 [Worker-17: Launching ValidationTitles] INFO  o.e.m.c.i.embedder.EclipseLogger - skip non existing resourceDirectory C:\Users\admin\GIT Y\src\test\resources
2021-11-29 15:36:38,459 [Worker-16: Building] INFO  o.e.m.c.i.embedder.EclipseLogger - Using 'UTF-8' encoding to copy filtered resources.
2021-11-29 15:36:38,460 [Worker-16: Building] INFO  o.e.m.c.i.embedder.EclipseLogger - Copying 0 resource
2021-11-29 15:36:38,462 [Worker-16: Building] INFO  o.e.m.c.i.embedder.EclipseLogger - Using 'UTF-8' encoding to copy filtered resources.
2021-11-29 15:36:38,463 [Worker-16: Building] INFO  o.e.m.c.i.embedder.EclipseLogger - skip non existing resourceDirectory C:\Users\admin\GIT Y\src\test\resources
2021-11-29 15:36:49,800 [Worker-8: Building] INFO  o.e.m.c.i.embedder.EclipseLogger - Using 'UTF-8' encoding to copy filtered resources.
2021-11-29 15:36:49,801 [Worker-8: Building] INFO  o.e.m.c.i.embedder.EclipseLogger - Copying 0 resource
2021-11-29 15:36:49,802 [Worker-8: Building] INFO  o.e.m.c.i.embedder.EclipseLogger - Using 'UTF-8' encoding to copy filtered resources.
2021-11-29 15:36:49,803 [Worker-8: Building] INFO  o.e.m.c.i.embedder.EclipseLogger - skip non existing resourceDirectory C:\Users\admin\GIT Y\src\test\resources
2021-11-29 15:41:42,520 [Worker-17: Building] INFO  o.e.m.c.i.embedder.EclipseLogger - Using 'UTF-8' encoding to copy filtered resources.
2021-11-29 15:41:42,521 [Worker-17: Building] INFO  o.e.m.c.i.embedder.EclipseLogger - Copying 0 resource
2021-11-29 15:41:42,523 [Worker-17: Building] INFO  o.e.m.c.i.embedder.EclipseLogger - Using 'UTF-8' encoding to copy filtered resources.
2021-11-29 15:41:42,526 [Worker-17: Building] INFO  o.e.m.c.i.embedder.EclipseLogger - skip non existing resourceDirectory C:\Users\admin\GIT Y\src\test\resources
2021-11-29 15:42:33,643 [Worker-31: Building] INFO  o.e.m.c.i.embedder.EclipseLogger - Using 'UTF-8' encoding to copy filtered resources.
2021-11-29 15:42:33,644 [Worker-31: Building] INFO  o.e.m.c.i.embedder.EclipseLogger - Copying 0 resource
2021-11-29 15:42:33,646 [Worker-31: Building] INFO  o.e.m.c.i.embedder.EclipseLogger - Using 'UTF-8' encoding to copy filtered resources.
2021-11-29 15:42:33,646 [Worker-31: Building] INFO  o.e.m.c.i.embedder.EclipseLogger - skip non existing resourceDirectory C:\Users\admin\GIT Y\src\test\resources
2021-11-29 15:43:07,542 [Worker-17: Building] INFO  o.e.m.c.i.embedder.EclipseLogger - Using 'UTF-8' encoding to copy filtered resources.
2021-11-29 15:43:07,543 [Worker-17: Building] INFO  o.e.m.c.i.embedder.EclipseLogger - Copying 0 resource
2021-11-29 15:43:07,545 [Worker-17: Building] INFO  o.e.m.c.i.embedder.EclipseLogger - Using 'UTF-8' encoding to copy filtered resources.
2021-11-29 15:43:07,545 [Worker-17: Building] INFO  o.e.m.c.i.embedder.EclipseLogger - skip non existing resourceDirectory C:\Users\admin\GIT Y\src\test\resources
2021-11-29 15:45:18,121 [Worker-29: Building] INFO  o.e.m.c.i.embedder.EclipseLogger - Using 'UTF-8' encoding to copy filtered resources.
2021-11-29 15:45:18,123 [Worker-29: Building] INFO  o.e.m.c.i.embedder.EclipseLogger - Copying 4 resources
2021-11-29 15:45:18,132 [Worker-29: Building] INFO  o.e.m.c.i.embedder.EclipseLogger - Using 'UTF-8' encoding to copy filtered resources.
2021-11-29 15:45:18,132 [Worker-29: Building] INFO  o.e.m.c.i.embedder.EclipseLogger - skip non existing resourceDirectory C:\Users\admin\GIT Y\src\test\resources
2021-11-29 16:18:44,617 [Worker-0: Loading available Gradle versions] INFO  o.e.b.c.i.u.g.PublishedGradleVersions - Gradle version information cache is up-to-date. Trying to read.
2021-11-29 16:50:13,670 [Worker-15: Building] INFO  o.e.m.c.i.l.LifecycleMappingFactory - Using org.eclipse.m2e.jdt.JarLifecycleMapping lifecycle mapping for MavenProject: Academy:E2EndProject:0.0.1-SNAPSHOT @ C:\Users\admin\MavenJava\anushasingamala804\pom.xml.
2021-11-29 16:50:18,530 [Worker-15: Building] INFO  o.e.m.c.i.embedder.EclipseLogger - Using 'UTF-8' encoding to copy filtered resources.
2021-11-29 16:50:18,538 [Worker-15: Building] INFO  o.e.m.c.i.embedder.EclipseLogger - Copying 4 resources
2021-11-29 16:50:18,585 [Worker-15: Building] INFO  o.e.m.c.i.embedder.EclipseLogger - Using 'UTF-8' encoding to copy filtered resources.
2021-11-29 16:50:18,585 [Worker-15: Building] INFO  o.e.m.c.i.embedder.EclipseLogger - skip non existing resourceDirectory C:\Users\admin\MavenJava\anushasingamala804\src\test\resources
2021-11-29 16:50:20,247 [Worker-11: Building] INFO  o.e.m.c.i.embedder.EclipseLogger - Using 'UTF-8' encoding to copy filtered resources.
2021-11-29 16:50:20,255 [Worker-11: Building] INFO  o.e.m.c.i.embedder.EclipseLogger - Copying 4 resources
2021-11-29 16:50:20,265 [Worker-11: Building] INFO  o.e.m.c.i.embedder.EclipseLogger - Using 'UTF-8' encoding to copy filtered resources.
2021-11-29 16:50:20,266 [Worker-11: Building] INFO  o.e.m.c.i.embedder.EclipseLogger - skip non existing resourceDirectory C:\Users\admin\MavenJava\anushasingamala804\src\test\resources
2021-11-29 16:50:36,011 [Worker-11: Building] INFO  o.e.m.c.i.embedder.EclipseLogger - Using 'UTF-8' encoding to copy filtered resources.
2021-11-29 16:50:36,011 [Worker-11: Building] INFO  o.e.m.c.i.embedder.EclipseLogger - Copying 0 resource
2021-11-29 16:50:36,014 [Worker-11: Building] INFO  o.e.m.c.i.embedder.EclipseLogger - Using 'UTF-8' encoding to copy filtered resources.
2021-11-29 16:50:36,015 [Worker-11: Building] INFO  o.e.m.c.i.embedder.EclipseLogger - skip non existing resourceDirectory C:\Users\admin\MavenJava\anushasingamala804\src\test\resources
2021-11-29 16:50:37,148 [Worker-11: Building] INFO  o.e.m.c.i.embedder.EclipseLogger - Using 'UTF-8' encoding to copy filtered resources.
2021-11-29 16:50:37,149 [Worker-11: Building] INFO  o.e.m.c.i.embedder.EclipseLogger - Copying 0 resource
2021-11-29 16:50:37,153 [Worker-11: Building] INFO  o.e.m.c.i.embedder.EclipseLogger - Using 'UTF-8' encoding to copy filtered resources.
2021-11-29 16:50:37,154 [Worker-11: Building] INFO  o.e.m.c.i.embedder.EclipseLogger - skip non existing resourceDirectory C:\Users\admin\MavenJava\anushasingamala804\src\test\resources
2021-11-29 16:52:26,599 [Worker-0: Updating Maven Dependencies] ERROR o.e.m.j.i.l.MavenLaunchConfigurationListener - Launch configuration E2EndProject_testng.xml references non-existing project E2EndProject.
org.eclipse.core.runtime.CoreException: Launch configuration E2EndProject_testng.xml references non-existing project E2EndProject.
	at org.eclipse.jdt.launching.JavaRuntime.abort(JavaRuntime.java:1838) ~[org.eclipse.jdt.launching_3.16.0.v20191108-0353.jar:na]
	at org.eclipse.jdt.launching.JavaRuntime.getJavaProject(JavaRuntime.java:1713) ~[org.eclipse.jdt.launching_3.16.0.v20191108-0353.jar:na]
	at org.eclipse.m2e.jdt.internal.launch.MavenLaunchConfigurationListener.updateLaunchConfiguration(MavenLaunchConfigurationListener.java:55) [org.eclipse.m2e.jdt_1.14.0.20191209-1925.jar:na]
	at org.eclipse.m2e.jdt.internal.launch.MavenLaunchConfigurationListener.launchConfigurationChanged(MavenLaunchConfigurationListener.java:40) [org.eclipse.m2e.jdt_1.14.0.20191209-1925.jar:na]
	at org.eclipse.debug.internal.core.LaunchManager$ConfigurationNotifier.run(LaunchManager.java:225) [org.eclipse.debug.core_3.14.100.v20191115-1406.jar:na]
	at org.eclipse.core.runtime.SafeRunner.run(SafeRunner.java:45) [org.eclipse.equinox.common_3.10.600.v20191004-1420.jar:na]
	at org.eclipse.debug.internal.core.LaunchManager$ConfigurationNotifier.notify(LaunchManager.java:209) [org.eclipse.debug.core_3.14.100.v20191115-1406.jar:na]
	at org.eclipse.debug.internal.core.LaunchConfigurationWorkingCopy.setDirty(LaunchConfigurationWorkingCopy.java:522) [org.eclipse.debug.core_3.14.100.v20191115-1406.jar:na]
	at org.eclipse.debug.internal.core.LaunchConfigurationWorkingCopy.setAttribute(LaunchConfigurationWorkingCopy.java:410) [org.eclipse.debug.core_3.14.100.v20191115-1406.jar:na]
	at org.eclipse.m2e.jdt.internal.launch.MavenRuntimeClasspathProvider.disable(MavenRuntimeClasspathProvider.java:347) [org.eclipse.m2e.jdt_1.14.0.20191209-1925.jar:na]
	at org.eclipse.m2e.jdt.internal.launch.MavenRuntimeClasspathProvider.disable(MavenRuntimeClasspathProvider.java:373) [org.eclipse.m2e.jdt_1.14.0.20191209-1925.jar:na]
	at org.eclipse.m2e.jdt.internal.launch.MavenLaunchConfigurationListener.mavenProjectChanged(MavenLaunchConfigurationListener.java:72) [org.eclipse.m2e.jdt_1.14.0.20191209-1925.jar:na]
	at org.eclipse.m2e.core.internal.project.registry.ProjectRegistryManager.notifyProjectChangeListeners(ProjectRegistryManager.java:821) [org.eclipse.m2e.core_1.14.0.20191209-1925.jar:na]
	at org.eclipse.m2e.core.internal.project.registry.ProjectRegistryManager.applyMutableProjectRegistry(ProjectRegistryManager.java:985) [org.eclipse.m2e.core_1.14.0.20191209-1925.jar:na]
	at org.eclipse.m2e.core.internal.project.registry.ProjectRegistryRefreshJob.lambda$0(ProjectRegistryRefreshJob.java:149) [org.eclipse.m2e.core_1.14.0.20191209-1925.jar:na]
	at org.eclipse.m2e.core.internal.embedder.MavenExecutionContext.executeBare(MavenExecutionContext.java:179) ~[org.eclipse.m2e.core_1.14.0.20191209-1925.jar:na]
	at org.eclipse.m2e.core.internal.embedder.MavenExecutionContext.execute(MavenExecutionContext.java:153) ~[org.eclipse.m2e.core_1.14.0.20191209-1925.jar:na]
	at org.eclipse.m2e.core.internal.embedder.MavenExecutionContext.execute(MavenExecutionContext.java:101) ~[org.eclipse.m2e.core_1.14.0.20191209-1925.jar:na]
	at org.eclipse.m2e.core.internal.embedder.MavenImpl.execute(MavenImpl.java:1375) ~[org.eclipse.m2e.core_1.14.0.20191209-1925.jar:na]
	at org.eclipse.m2e.core.internal.project.registry.ProjectRegistryRefreshJob.run(ProjectRegistryRefreshJob.java:84) [org.eclipse.m2e.core_1.14.0.20191209-1925.jar:na]
	at org.eclipse.core.internal.jobs.Worker.run(Worker.java:63) ~[org.eclipse.core.jobs_3.10.600.v20191122-2104.jar:na]
2021-11-29 16:52:26,629 [Worker-0: Updating Maven Dependencies] ERROR o.e.m.j.i.l.MavenLaunchConfigurationListener - Launch configuration E2EndProject_testng.xml references non-existing project E2EndProject.
org.eclipse.core.runtime.CoreException: Launch configuration E2EndProject_testng.xml references non-existing project E2EndProject.
	at org.eclipse.jdt.launching.JavaRuntime.abort(JavaRuntime.java:1838) ~[org.eclipse.jdt.launching_3.16.0.v20191108-0353.jar:na]
	at org.eclipse.jdt.launching.JavaRuntime.getJavaProject(JavaRuntime.java:1713) ~[org.eclipse.jdt.launching_3.16.0.v20191108-0353.jar:na]
	at org.eclipse.m2e.jdt.internal.launch.MavenLaunchConfigurationListener.updateLaunchConfiguration(MavenLaunchConfigurationListener.java:55) [org.eclipse.m2e.jdt_1.14.0.20191209-1925.jar:na]
	at org.eclipse.m2e.jdt.internal.launch.MavenLaunchConfigurationListener.launchConfigurationChanged(MavenLaunchConfigurationListener.java:40) [org.eclipse.m2e.jdt_1.14.0.20191209-1925.jar:na]
	at org.eclipse.debug.internal.core.LaunchManager$ConfigurationNotifier.run(LaunchManager.java:225) [org.eclipse.debug.core_3.14.100.v20191115-1406.jar:na]
	at org.eclipse.core.runtime.SafeRunner.run(SafeRunner.java:45) [org.eclipse.equinox.common_3.10.600.v20191004-1420.jar:na]
	at org.eclipse.debug.internal.core.LaunchManager$ConfigurationNotifier.notify(LaunchManager.java:209) [org.eclipse.debug.core_3.14.100.v20191115-1406.jar:na]
	at org.eclipse.debug.internal.core.LaunchConfigurationWorkingCopy.setDirty(LaunchConfigurationWorkingCopy.java:522) [org.eclipse.debug.core_3.14.100.v20191115-1406.jar:na]
	at org.eclipse.debug.internal.core.LaunchConfigurationWorkingCopy.setAttribute(LaunchConfigurationWorkingCopy.java:410) [org.eclipse.debug.core_3.14.100.v20191115-1406.jar:na]
	at org.eclipse.m2e.jdt.internal.launch.MavenRuntimeClasspathProvider.disable(MavenRuntimeClasspathProvider.java:348) [org.eclipse.m2e.jdt_1.14.0.20191209-1925.jar:na]
	at org.eclipse.m2e.jdt.internal.launch.MavenRuntimeClasspathProvider.disable(MavenRuntimeClasspathProvider.java:373) [org.eclipse.m2e.jdt_1.14.0.20191209-1925.jar:na]
	at org.eclipse.m2e.jdt.internal.launch.MavenLaunchConfigurationListener.mavenProjectChanged(MavenLaunchConfigurationListener.java:72) [org.eclipse.m2e.jdt_1.14.0.20191209-1925.jar:na]
	at org.eclipse.m2e.core.internal.project.registry.ProjectRegistryManager.notifyProjectChangeListeners(ProjectRegistryManager.java:821) [org.eclipse.m2e.core_1.14.0.20191209-1925.jar:na]
	at org.eclipse.m2e.core.internal.project.registry.ProjectRegistryManager.applyMutableProjectRegistry(ProjectRegistryManager.java:985) [org.eclipse.m2e.core_1.14.0.20191209-1925.jar:na]
	at org.eclipse.m2e.core.internal.project.registry.ProjectRegistryRefreshJob.lambda$0(ProjectRegistryRefreshJob.java:149) [org.eclipse.m2e.core_1.14.0.20191209-1925.jar:na]
	at org.eclipse.m2e.core.internal.embedder.MavenExecutionContext.executeBare(MavenExecutionContext.java:179) ~[org.eclipse.m2e.core_1.14.0.20191209-1925.jar:na]
	at org.eclipse.m2e.core.internal.embedder.MavenExecutionContext.execute(MavenExecutionContext.java:153) ~[org.eclipse.m2e.core_1.14.0.20191209-1925.jar:na]
	at org.eclipse.m2e.core.internal.embedder.MavenExecutionContext.execute(MavenExecutionContext.java:101) ~[org.eclipse.m2e.core_1.14.0.20191209-1925.jar:na]
	at org.eclipse.m2e.core.internal.embedder.MavenImpl.execute(MavenImpl.java:1375) ~[org.eclipse.m2e.core_1.14.0.20191209-1925.jar:na]
	at org.eclipse.m2e.core.internal.project.registry.ProjectRegistryRefreshJob.run(ProjectRegistryRefreshJob.java:84) [org.eclipse.m2e.core_1.14.0.20191209-1925.jar:na]
	at org.eclipse.core.internal.jobs.Worker.run(Worker.java:63) ~[org.eclipse.core.jobs_3.10.600.v20191122-2104.jar:na]
2021-11-29 16:52:26,646 [Worker-0: Updating Maven Dependencies] ERROR o.e.m.j.i.l.MavenLaunchConfigurationListener - Launch configuration E2EndProject_testng.xml references non-existing project E2EndProject.
org.eclipse.core.runtime.CoreException: Launch configuration E2EndProject_testng.xml references non-existing project E2EndProject.
	at org.eclipse.jdt.launching.JavaRuntime.abort(JavaRuntime.java:1838) ~[org.eclipse.jdt.launching_3.16.0.v20191108-0353.jar:na]
	at org.eclipse.jdt.launching.JavaRuntime.getJavaProject(JavaRuntime.java:1713) ~[org.eclipse.jdt.launching_3.16.0.v20191108-0353.jar:na]
	at org.eclipse.m2e.jdt.internal.launch.MavenLaunchConfigurationListener.updateLaunchConfiguration(MavenLaunchConfigurationListener.java:55) [org.eclipse.m2e.jdt_1.14.0.20191209-1925.jar:na]
	at org.eclipse.m2e.jdt.internal.launch.MavenLaunchConfigurationListener.launchConfigurationChanged(MavenLaunchConfigurationListener.java:40) [org.eclipse.m2e.jdt_1.14.0.20191209-1925.jar:na]
	at org.eclipse.debug.internal.core.LaunchManager$ConfigurationNotifier.run(LaunchManager.java:225) [org.eclipse.debug.core_3.14.100.v20191115-1406.jar:na]
	at org.eclipse.core.runtime.SafeRunner.run(SafeRunner.java:45) [org.eclipse.equinox.common_3.10.600.v20191004-1420.jar:na]
	at org.eclipse.debug.internal.core.LaunchManager$ConfigurationNotifier.notify(LaunchManager.java:209) [org.eclipse.debug.core_3.14.100.v20191115-1406.jar:na]
	at org.eclipse.debug.internal.core.LaunchManager.launchConfigurationChanged(LaunchManager.java:2147) [org.eclipse.debug.core_3.14.100.v20191115-1406.jar:na]
	at org.eclipse.debug.internal.core.LaunchConfigurationWorkingCopy.writeNewFile(LaunchConfigurationWorkingCopy.java:375) [org.eclipse.debug.core_3.14.100.v20191115-1406.jar:na]
	at org.eclipse.debug.internal.core.LaunchConfigurationWorkingCopy.doSave0(LaunchConfigurationWorkingCopy.java:258) [org.eclipse.debug.core_3.14.100.v20191115-1406.jar:na]
	at org.eclipse.debug.internal.core.LaunchConfigurationWorkingCopy.doSave(LaunchConfigurationWorkingCopy.java:228) [org.eclipse.debug.core_3.14.100.v20191115-1406.jar:na]
	at org.eclipse.debug.internal.core.LaunchConfigurationWorkingCopy.doSave(LaunchConfigurationWorkingCopy.java:186) [org.eclipse.debug.core_3.14.100.v20191115-1406.jar:na]
	at org.eclipse.m2e.jdt.internal.launch.MavenRuntimeClasspathProvider.disable(MavenRuntimeClasspathProvider.java:349) [org.eclipse.m2e.jdt_1.14.0.20191209-1925.jar:na]
	at org.eclipse.m2e.jdt.internal.launch.MavenRuntimeClasspathProvider.disable(MavenRuntimeClasspathProvider.java:373) [org.eclipse.m2e.jdt_1.14.0.20191209-1925.jar:na]
	at org.eclipse.m2e.jdt.internal.launch.MavenLaunchConfigurationListener.mavenProjectChanged(MavenLaunchConfigurationListener.java:72) [org.eclipse.m2e.jdt_1.14.0.20191209-1925.jar:na]
	at org.eclipse.m2e.core.internal.project.registry.ProjectRegistryManager.notifyProjectChangeListeners(ProjectRegistryManager.java:821) [org.eclipse.m2e.core_1.14.0.20191209-1925.jar:na]
	at org.eclipse.m2e.core.internal.project.registry.ProjectRegistryManager.applyMutableProjectRegistry(ProjectRegistryManager.java:985) [org.eclipse.m2e.core_1.14.0.20191209-1925.jar:na]
	at org.eclipse.m2e.core.internal.project.registry.ProjectRegistryRefreshJob.lambda$0(ProjectRegistryRefreshJob.java:149) [org.eclipse.m2e.core_1.14.0.20191209-1925.jar:na]
	at org.eclipse.m2e.core.internal.embedder.MavenExecutionContext.executeBare(MavenExecutionContext.java:179) ~[org.eclipse.m2e.core_1.14.0.20191209-1925.jar:na]
	at org.eclipse.m2e.core.internal.embedder.MavenExecutionContext.execute(MavenExecutionContext.java:153) ~[org.eclipse.m2e.core_1.14.0.20191209-1925.jar:na]
	at org.eclipse.m2e.core.internal.embedder.MavenExecutionContext.execute(MavenExecutionContext.java:101) ~[org.eclipse.m2e.core_1.14.0.20191209-1925.jar:na]
	at org.eclipse.m2e.core.internal.embedder.MavenImpl.execute(MavenImpl.java:1375) ~[org.eclipse.m2e.core_1.14.0.20191209-1925.jar:na]
	at org.eclipse.m2e.core.internal.project.registry.ProjectRegistryRefreshJob.run(ProjectRegistryRefreshJob.java:84) [org.eclipse.m2e.core_1.14.0.20191209-1925.jar:na]
	at org.eclipse.core.internal.jobs.Worker.run(Worker.java:63) ~[org.eclipse.core.jobs_3.10.600.v20191122-2104.jar:na]
2021-11-29 16:52:26,649 [Worker-0: Updating Maven Dependencies] ERROR o.e.m.j.i.l.MavenLaunchConfigurationListener - Launch configuration Homepage references non-existing project E2EndProject.
org.eclipse.core.runtime.CoreException: Launch configuration Homepage references non-existing project E2EndProject.
	at org.eclipse.jdt.launching.JavaRuntime.abort(JavaRuntime.java:1838) ~[org.eclipse.jdt.launching_3.16.0.v20191108-0353.jar:na]
	at org.eclipse.jdt.launching.JavaRuntime.getJavaProject(JavaRuntime.java:1713) ~[org.eclipse.jdt.launching_3.16.0.v20191108-0353.jar:na]
	at org.eclipse.m2e.jdt.internal.launch.MavenLaunchConfigurationListener.updateLaunchConfiguration(MavenLaunchConfigurationListener.java:55) [org.eclipse.m2e.jdt_1.14.0.20191209-1925.jar:na]
	at org.eclipse.m2e.jdt.internal.launch.MavenLaunchConfigurationListener.launchConfigurationChanged(MavenLaunchConfigurationListener.java:40) [org.eclipse.m2e.jdt_1.14.0.20191209-1925.jar:na]
	at org.eclipse.debug.internal.core.LaunchManager$ConfigurationNotifier.run(LaunchManager.java:225) [org.eclipse.debug.core_3.14.100.v20191115-1406.jar:na]
	at org.eclipse.core.runtime.SafeRunner.run(SafeRunner.java:45) [org.eclipse.equinox.common_3.10.600.v20191004-1420.jar:na]
	at org.eclipse.debug.internal.core.LaunchManager$ConfigurationNotifier.notify(LaunchManager.java:209) [org.eclipse.debug.core_3.14.100.v20191115-1406.jar:na]
	at org.eclipse.debug.internal.core.LaunchConfigurationWorkingCopy.setDirty(LaunchConfigurationWorkingCopy.java:522) [org.eclipse.debug.core_3.14.100.v20191115-1406.jar:na]
	at org.eclipse.debug.internal.core.LaunchConfigurationWorkingCopy.setAttribute(LaunchConfigurationWorkingCopy.java:410) [org.eclipse.debug.core_3.14.100.v20191115-1406.jar:na]
	at org.eclipse.m2e.jdt.internal.launch.MavenRuntimeClasspathProvider.disable(MavenRuntimeClasspathProvider.java:347) [org.eclipse.m2e.jdt_1.14.0.20191209-1925.jar:na]
	at org.eclipse.m2e.jdt.internal.launch.MavenRuntimeClasspathProvider.disable(MavenRuntimeClasspathProvider.java:373) [org.eclipse.m2e.jdt_1.14.0.20191209-1925.jar:na]
	at org.eclipse.m2e.jdt.internal.launch.MavenLaunchConfigurationListener.mavenProjectChanged(MavenLaunchConfigurationListener.java:72) [org.eclipse.m2e.jdt_1.14.0.20191209-1925.jar:na]
	at org.eclipse.m2e.core.internal.project.registry.ProjectRegistryManager.notifyProjectChangeListeners(ProjectRegistryManager.java:821) [org.eclipse.m2e.core_1.14.0.20191209-1925.jar:na]
	at org.eclipse.m2e.core.internal.project.registry.ProjectRegistryManager.applyMutableProjectRegistry(ProjectRegistryManager.java:985) [org.eclipse.m2e.core_1.14.0.20191209-1925.jar:na]
	at org.eclipse.m2e.core.internal.project.registry.ProjectRegistryRefreshJob.lambda$0(ProjectRegistryRefreshJob.java:149) [org.eclipse.m2e.core_1.14.0.20191209-1925.jar:na]
	at org.eclipse.m2e.core.internal.embedder.MavenExecutionContext.executeBare(MavenExecutionContext.java:179) ~[org.eclipse.m2e.core_1.14.0.20191209-1925.jar:na]
	at org.eclipse.m2e.core.internal.embedder.MavenExecutionContext.execute(MavenExecutionContext.java:153) ~[org.eclipse.m2e.core_1.14.0.20191209-1925.jar:na]
	at org.eclipse.m2e.core.internal.embedder.MavenExecutionContext.execute(MavenExecutionContext.java:101) ~[org.eclipse.m2e.core_1.14.0.20191209-1925.jar:na]
	at org.eclipse.m2e.core.internal.embedder.MavenImpl.execute(MavenImpl.java:1375) ~[org.eclipse.m2e.core_1.14.0.20191209-1925.jar:na]
	at org.eclipse.m2e.core.internal.project.registry.ProjectRegistryRefreshJob.run(ProjectRegistryRefreshJob.java:84) [org.eclipse.m2e.core_1.14.0.20191209-1925.jar:na]
	at org.eclipse.core.internal.jobs.Worker.run(Worker.java:63) ~[org.eclipse.core.jobs_3.10.600.v20191122-2104.jar:na]
2021-11-29 16:52:26,652 [Worker-0: Updating Maven Dependencies] ERROR o.e.m.j.i.l.MavenLaunchConfigurationListener - Launch configuration Homepage references non-existing project E2EndProject.
org.eclipse.core.runtime.CoreException: Launch configuration Homepage references non-existing project E2EndProject.
	at org.eclipse.jdt.launching.JavaRuntime.abort(JavaRuntime.java:1838) ~[org.eclipse.jdt.launching_3.16.0.v20191108-0353.jar:na]
	at org.eclipse.jdt.launching.JavaRuntime.getJavaProject(JavaRuntime.java:1713) ~[org.eclipse.jdt.launching_3.16.0.v20191108-0353.jar:na]
	at org.eclipse.m2e.jdt.internal.launch.MavenLaunchConfigurationListener.updateLaunchConfiguration(MavenLaunchConfigurationListener.java:55) [org.eclipse.m2e.jdt_1.14.0.20191209-1925.jar:na]
	at org.eclipse.m2e.jdt.internal.launch.MavenLaunchConfigurationListener.launchConfigurationChanged(MavenLaunchConfigurationListener.java:40) [org.eclipse.m2e.jdt_1.14.0.20191209-1925.jar:na]
	at org.eclipse.debug.internal.core.LaunchManager$ConfigurationNotifier.run(LaunchManager.java:225) [org.eclipse.debug.core_3.14.100.v20191115-1406.jar:na]
	at org.eclipse.core.runtime.SafeRunner.run(SafeRunner.java:45) [org.eclipse.equinox.common_3.10.600.v20191004-1420.jar:na]
	at org.eclipse.debug.internal.core.LaunchManager$ConfigurationNotifier.notify(LaunchManager.java:209) [org.eclipse.debug.core_3.14.100.v20191115-1406.jar:na]
	at org.eclipse.debug.internal.core.LaunchConfigurationWorkingCopy.setDirty(LaunchConfigurationWorkingCopy.java:522) [org.eclipse.debug.core_3.14.100.v20191115-1406.jar:na]
	at org.eclipse.debug.internal.core.LaunchConfigurationWorkingCopy.setAttribute(LaunchConfigurationWorkingCopy.java:410) [org.eclipse.debug.core_3.14.100.v20191115-1406.jar:na]
	at org.eclipse.m2e.jdt.internal.launch.MavenRuntimeClasspathProvider.disable(MavenRuntimeClasspathProvider.java:348) [org.eclipse.m2e.jdt_1.14.0.20191209-1925.jar:na]
	at org.eclipse.m2e.jdt.internal.launch.MavenRuntimeClasspathProvider.disable(MavenRuntimeClasspathProvider.java:373) [org.eclipse.m2e.jdt_1.14.0.20191209-1925.jar:na]
	at org.eclipse.m2e.jdt.internal.launch.MavenLaunchConfigurationListener.mavenProjectChanged(MavenLaunchConfigurationListener.java:72) [org.eclipse.m2e.jdt_1.14.0.20191209-1925.jar:na]
	at org.eclipse.m2e.core.internal.project.registry.ProjectRegistryManager.notifyProjectChangeListeners(ProjectRegistryManager.java:821) [org.eclipse.m2e.core_1.14.0.20191209-1925.jar:na]
	at org.eclipse.m2e.core.internal.project.registry.ProjectRegistryManager.applyMutableProjectRegistry(ProjectRegistryManager.java:985) [org.eclipse.m2e.core_1.14.0.20191209-1925.jar:na]
	at org.eclipse.m2e.core.internal.project.registry.ProjectRegistryRefreshJob.lambda$0(ProjectRegistryRefreshJob.java:149) [org.eclipse.m2e.core_1.14.0.20191209-1925.jar:na]
	at org.eclipse.m2e.core.internal.embedder.MavenExecutionContext.executeBare(MavenExecutionContext.java:179) ~[org.eclipse.m2e.core_1.14.0.20191209-1925.jar:na]
	at org.eclipse.m2e.core.internal.embedder.MavenExecutionContext.execute(MavenExecutionContext.java:153) ~[org.eclipse.m2e.core_1.14.0.20191209-1925.jar:na]
	at org.eclipse.m2e.core.internal.embedder.MavenExecutionContext.execute(MavenExecutionContext.java:101) ~[org.eclipse.m2e.core_1.14.0.20191209-1925.jar:na]
	at org.eclipse.m2e.core.internal.embedder.MavenImpl.execute(MavenImpl.java:1375) ~[org.eclipse.m2e.core_1.14.0.20191209-1925.jar:na]
	at org.eclipse.m2e.core.internal.project.registry.ProjectRegistryRefreshJob.run(ProjectRegistryRefreshJob.java:84) [org.eclipse.m2e.core_1.14.0.20191209-1925.jar:na]
	at org.eclipse.core.internal.jobs.Worker.run(Worker.java:63) ~[org.eclipse.core.jobs_3.10.600.v20191122-2104.jar:na]
2021-11-29 16:52:26,665 [Worker-0: Updating Maven Dependencies] ERROR o.e.m.j.i.l.MavenLaunchConfigurationListener - Launch configuration Homepage references non-existing project E2EndProject.
org.eclipse.core.runtime.CoreException: Launch configuration Homepage references non-existing project E2EndProject.
	at org.eclipse.jdt.launching.JavaRuntime.abort(JavaRuntime.java:1838) ~[org.eclipse.jdt.launching_3.16.0.v20191108-0353.jar:na]
	at org.eclipse.jdt.launching.JavaRuntime.getJavaProject(JavaRuntime.java:1713) ~[org.eclipse.jdt.launching_3.16.0.v20191108-0353.jar:na]
	at org.eclipse.m2e.jdt.internal.launch.MavenLaunchConfigurationListener.updateLaunchConfiguration(MavenLaunchConfigurationListener.java:55) [org.eclipse.m2e.jdt_1.14.0.20191209-1925.jar:na]
	at org.eclipse.m2e.jdt.internal.launch.MavenLaunchConfigurationListener.launchConfigurationChanged(MavenLaunchConfigurationListener.java:40) [org.eclipse.m2e.jdt_1.14.0.20191209-1925.jar:na]
	at org.eclipse.debug.internal.core.LaunchManager$ConfigurationNotifier.run(LaunchManager.java:225) [org.eclipse.debug.core_3.14.100.v20191115-1406.jar:na]
	at org.eclipse.core.runtime.SafeRunner.run(SafeRunner.java:45) [org.eclipse.equinox.common_3.10.600.v20191004-1420.jar:na]
	at org.eclipse.debug.internal.core.LaunchManager$ConfigurationNotifier.notify(LaunchManager.java:209) [org.eclipse.debug.core_3.14.100.v20191115-1406.jar:na]
	at org.eclipse.debug.internal.core.LaunchManager.launchConfigurationChanged(LaunchManager.java:2147) [org.eclipse.debug.core_3.14.100.v20191115-1406.jar:na]
	at org.eclipse.debug.internal.core.LaunchConfigurationWorkingCopy.writeNewFile(LaunchConfigurationWorkingCopy.java:375) [org.eclipse.debug.core_3.14.100.v20191115-1406.jar:na]
	at org.eclipse.debug.internal.core.LaunchConfigurationWorkingCopy.doSave0(LaunchConfigurationWorkingCopy.java:258) [org.eclipse.debug.core_3.14.100.v20191115-1406.jar:na]
	at org.eclipse.debug.internal.core.LaunchConfigurationWorkingCopy.doSave(LaunchConfigurationWorkingCopy.java:228) [org.eclipse.debug.core_3.14.100.v20191115-1406.jar:na]
	at org.eclipse.debug.internal.core.LaunchConfigurationWorkingCopy.doSave(LaunchConfigurationWorkingCopy.java:186) [org.eclipse.debug.core_3.14.100.v20191115-1406.jar:na]
	at org.eclipse.m2e.jdt.internal.launch.MavenRuntimeClasspathProvider.disable(MavenRuntimeClasspathProvider.java:349) [org.eclipse.m2e.jdt_1.14.0.20191209-1925.jar:na]
	at org.eclipse.m2e.jdt.internal.launch.MavenRuntimeClasspathProvider.disable(MavenRuntimeClasspathProvider.java:373) [org.eclipse.m2e.jdt_1.14.0.20191209-1925.jar:na]
	at org.eclipse.m2e.jdt.internal.launch.MavenLaunchConfigurationListener.mavenProjectChanged(MavenLaunchConfigurationListener.java:72) [org.eclipse.m2e.jdt_1.14.0.20191209-1925.jar:na]
	at org.eclipse.m2e.core.internal.project.registry.ProjectRegistryManager.notifyProjectChangeListeners(ProjectRegistryManager.java:821) [org.eclipse.m2e.core_1.14.0.20191209-1925.jar:na]
	at org.eclipse.m2e.core.internal.project.registry.ProjectRegistryManager.applyMutableProjectRegistry(ProjectRegistryManager.java:985) [org.eclipse.m2e.core_1.14.0.20191209-1925.jar:na]
	at org.eclipse.m2e.core.internal.project.registry.ProjectRegistryRefreshJob.lambda$0(ProjectRegistryRefreshJob.java:149) [org.eclipse.m2e.core_1.14.0.20191209-1925.jar:na]
	at org.eclipse.m2e.core.internal.embedder.MavenExecutionContext.executeBare(MavenExecutionContext.java:179) ~[org.eclipse.m2e.core_1.14.0.20191209-1925.jar:na]
	at org.eclipse.m2e.core.internal.embedder.MavenExecutionContext.execute(MavenExecutionContext.java:153) ~[org.eclipse.m2e.core_1.14.0.20191209-1925.jar:na]
	at org.eclipse.m2e.core.internal.embedder.MavenExecutionContext.execute(MavenExecutionContext.java:101) ~[org.eclipse.m2e.core_1.14.0.20191209-1925.jar:na]
	at org.eclipse.m2e.core.internal.embedder.MavenImpl.execute(MavenImpl.java:1375) ~[org.eclipse.m2e.core_1.14.0.20191209-1925.jar:na]
	at org.eclipse.m2e.core.internal.project.registry.ProjectRegistryRefreshJob.run(ProjectRegistryRefreshJob.java:84) [org.eclipse.m2e.core_1.14.0.20191209-1925.jar:na]
	at org.eclipse.core.internal.jobs.Worker.run(Worker.java:63) ~[org.eclipse.core.jobs_3.10.600.v20191122-2104.jar:na]
2021-11-29 16:52:26,668 [Worker-0: Updating Maven Dependencies] ERROR o.e.m.j.i.l.MavenLaunchConfigurationListener - Launch configuration ValidationNavBars.initializeDriver references non-existing project E2EndProject.
org.eclipse.core.runtime.CoreException: Launch configuration ValidationNavBars.initializeDriver references non-existing project E2EndProject.
	at org.eclipse.jdt.launching.JavaRuntime.abort(JavaRuntime.java:1838) ~[org.eclipse.jdt.launching_3.16.0.v20191108-0353.jar:na]
	at org.eclipse.jdt.launching.JavaRuntime.getJavaProject(JavaRuntime.java:1713) ~[org.eclipse.jdt.launching_3.16.0.v20191108-0353.jar:na]
	at org.eclipse.m2e.jdt.internal.launch.MavenLaunchConfigurationListener.updateLaunchConfiguration(MavenLaunchConfigurationListener.java:55) [org.eclipse.m2e.jdt_1.14.0.20191209-1925.jar:na]
	at org.eclipse.m2e.jdt.internal.launch.MavenLaunchConfigurationListener.launchConfigurationChanged(MavenLaunchConfigurationListener.java:40) [org.eclipse.m2e.jdt_1.14.0.20191209-1925.jar:na]
	at org.eclipse.debug.internal.core.LaunchManager$ConfigurationNotifier.run(LaunchManager.java:225) [org.eclipse.debug.core_3.14.100.v20191115-1406.jar:na]
	at org.eclipse.core.runtime.SafeRunner.run(SafeRunner.java:45) [org.eclipse.equinox.common_3.10.600.v20191004-1420.jar:na]
	at org.eclipse.debug.internal.core.LaunchManager$ConfigurationNotifier.notify(LaunchManager.java:209) [org.eclipse.debug.core_3.14.100.v20191115-1406.jar:na]
	at org.eclipse.debug.internal.core.LaunchConfigurationWorkingCopy.setDirty(LaunchConfigurationWorkingCopy.java:522) [org.eclipse.debug.core_3.14.100.v20191115-1406.jar:na]
	at org.eclipse.debug.internal.core.LaunchConfigurationWorkingCopy.setAttribute(LaunchConfigurationWorkingCopy.java:410) [org.eclipse.debug.core_3.14.100.v20191115-1406.jar:na]
	at org.eclipse.m2e.jdt.internal.launch.MavenRuntimeClasspathProvider.disable(MavenRuntimeClasspathProvider.java:347) [org.eclipse.m2e.jdt_1.14.0.20191209-1925.jar:na]
	at org.eclipse.m2e.jdt.internal.launch.MavenRuntimeClasspathProvider.disable(MavenRuntimeClasspathProvider.java:373) [org.eclipse.m2e.jdt_1.14.0.20191209-1925.jar:na]
	at org.eclipse.m2e.jdt.internal.launch.MavenLaunchConfigurationListener.mavenProjectChanged(MavenLaunchConfigurationListener.java:72) [org.eclipse.m2e.jdt_1.14.0.20191209-1925.jar:na]
	at org.eclipse.m2e.core.internal.project.registry.ProjectRegistryManager.notifyProjectChangeListeners(ProjectRegistryManager.java:821) [org.eclipse.m2e.core_1.14.0.20191209-1925.jar:na]
	at org.eclipse.m2e.core.internal.project.registry.ProjectRegistryManager.applyMutableProjectRegistry(ProjectRegistryManager.java:985) [org.eclipse.m2e.core_1.14.0.20191209-1925.jar:na]
	at org.eclipse.m2e.core.internal.project.registry.ProjectRegistryRefreshJob.lambda$0(ProjectRegistryRefreshJob.java:149) [org.eclipse.m2e.core_1.14.0.20191209-1925.jar:na]
	at org.eclipse.m2e.core.internal.embedder.MavenExecutionContext.executeBare(MavenExecutionContext.java:179) ~[org.eclipse.m2e.core_1.14.0.20191209-1925.jar:na]
	at org.eclipse.m2e.core.internal.embedder.MavenExecutionContext.execute(MavenExecutionContext.java:153) ~[org.eclipse.m2e.core_1.14.0.20191209-1925.jar:na]
	at org.eclipse.m2e.core.internal.embedder.MavenExecutionContext.execute(MavenExecutionContext.java:101) ~[org.eclipse.m2e.core_1.14.0.20191209-1925.jar:na]
	at org.eclipse.m2e.core.internal.embedder.MavenImpl.execute(MavenImpl.java:1375) ~[org.eclipse.m2e.core_1.14.0.20191209-1925.jar:na]
	at org.eclipse.m2e.core.internal.project.registry.ProjectRegistryRefreshJob.run(ProjectRegistryRefreshJob.java:84) [org.eclipse.m2e.core_1.14.0.20191209-1925.jar:na]
	at org.eclipse.core.internal.jobs.Worker.run(Worker.java:63) ~[org.eclipse.core.jobs_3.10.600.v20191122-2104.jar:na]
2021-11-29 16:52:26,670 [Worker-0: Updating Maven Dependencies] ERROR o.e.m.j.i.l.MavenLaunchConfigurationListener - Launch configuration ValidationNavBars.initializeDriver references non-existing project E2EndProject.
org.eclipse.core.runtime.CoreException: Launch configuration ValidationNavBars.initializeDriver references non-existing project E2EndProject.
	at org.eclipse.jdt.launching.JavaRuntime.abort(JavaRuntime.java:1838) ~[org.eclipse.jdt.launching_3.16.0.v20191108-0353.jar:na]
	at org.eclipse.jdt.launching.JavaRuntime.getJavaProject(JavaRuntime.java:1713) ~[org.eclipse.jdt.launching_3.16.0.v20191108-0353.jar:na]
	at org.eclipse.m2e.jdt.internal.launch.MavenLaunchConfigurationListener.updateLaunchConfiguration(MavenLaunchConfigurationListener.java:55) [org.eclipse.m2e.jdt_1.14.0.20191209-1925.jar:na]
	at org.eclipse.m2e.jdt.internal.launch.MavenLaunchConfigurationListener.launchConfigurationChanged(MavenLaunchConfigurationListener.java:40) [org.eclipse.m2e.jdt_1.14.0.20191209-1925.jar:na]
	at org.eclipse.debug.internal.core.LaunchManager$ConfigurationNotifier.run(LaunchManager.java:225) [org.eclipse.debug.core_3.14.100.v20191115-1406.jar:na]
	at org.eclipse.core.runtime.SafeRunner.run(SafeRunner.java:45) [org.eclipse.equinox.common_3.10.600.v20191004-1420.jar:na]
	at org.eclipse.debug.internal.core.LaunchManager$ConfigurationNotifier.notify(LaunchManager.java:209) [org.eclipse.debug.core_3.14.100.v20191115-1406.jar:na]
	at org.eclipse.debug.internal.core.LaunchConfigurationWorkingCopy.setDirty(LaunchConfigurationWorkingCopy.java:522) [org.eclipse.debug.core_3.14.100.v20191115-1406.jar:na]
	at org.eclipse.debug.internal.core.LaunchConfigurationWorkingCopy.setAttribute(LaunchConfigurationWorkingCopy.java:410) [org.eclipse.debug.core_3.14.100.v20191115-1406.jar:na]
	at org.eclipse.m2e.jdt.internal.launch.MavenRuntimeClasspathProvider.disable(MavenRuntimeClasspathProvider.java:348) [org.eclipse.m2e.jdt_1.14.0.20191209-1925.jar:na]
	at org.eclipse.m2e.jdt.internal.launch.MavenRuntimeClasspathProvider.disable(MavenRuntimeClasspathProvider.java:373) [org.eclipse.m2e.jdt_1.14.0.20191209-1925.jar:na]
	at org.eclipse.m2e.jdt.internal.launch.MavenLaunchConfigurationListener.mavenProjectChanged(MavenLaunchConfigurationListener.java:72) [org.eclipse.m2e.jdt_1.14.0.20191209-1925.jar:na]
	at org.eclipse.m2e.core.internal.project.registry.ProjectRegistryManager.notifyProjectChangeListeners(ProjectRegistryManager.java:821) [org.eclipse.m2e.core_1.14.0.20191209-1925.jar:na]
	at org.eclipse.m2e.core.internal.project.registry.ProjectRegistryManager.applyMutableProjectRegistry(ProjectRegistryManager.java:985) [org.eclipse.m2e.core_1.14.0.20191209-1925.jar:na]
	at org.eclipse.m2e.core.internal.project.registry.ProjectRegistryRefreshJob.lambda$0(ProjectRegistryRefreshJob.java:149) [org.eclipse.m2e.core_1.14.0.20191209-1925.jar:na]
	at org.eclipse.m2e.core.internal.embedder.MavenExecutionContext.executeBare(MavenExecutionContext.java:179) ~[org.eclipse.m2e.core_1.14.0.20191209-1925.jar:na]
	at org.eclipse.m2e.core.internal.embedder.MavenExecutionContext.execute(MavenExecutionContext.java:153) ~[org.eclipse.m2e.core_1.14.0.20191209-1925.jar:na]
	at org.eclipse.m2e.core.internal.embedder.MavenExecutionContext.execute(MavenExecutionContext.java:101) ~[org.eclipse.m2e.core_1.14.0.20191209-1925.jar:na]
	at org.eclipse.m2e.core.internal.embedder.MavenImpl.execute(MavenImpl.java:1375) ~[org.eclipse.m2e.core_1.14.0.20191209-1925.jar:na]
	at org.eclipse.m2e.core.internal.project.registry.ProjectRegistryRefreshJob.run(ProjectRegistryRefreshJob.java:84) [org.eclipse.m2e.core_1.14.0.20191209-1925.jar:na]
	at org.eclipse.core.internal.jobs.Worker.run(Worker.java:63) ~[org.eclipse.core.jobs_3.10.600.v20191122-2104.jar:na]
2021-11-29 16:52:26,685 [Worker-0: Updating Maven Dependencies] ERROR o.e.m.j.i.l.MavenLaunchConfigurationListener - Launch configuration ValidationNavBars.initializeDriver references non-existing project E2EndProject.
org.eclipse.core.runtime.CoreException: Launch configuration ValidationNavBars.initializeDriver references non-existing project E2EndProject.
	at org.eclipse.jdt.launching.JavaRuntime.abort(JavaRuntime.java:1838) ~[org.eclipse.jdt.launching_3.16.0.v20191108-0353.jar:na]
	at org.eclipse.jdt.launching.JavaRuntime.getJavaProject(JavaRuntime.java:1713) ~[org.eclipse.jdt.launching_3.16.0.v20191108-0353.jar:na]
	at org.eclipse.m2e.jdt.internal.launch.MavenLaunchConfigurationListener.updateLaunchConfiguration(MavenLaunchConfigurationListener.java:55) [org.eclipse.m2e.jdt_1.14.0.20191209-1925.jar:na]
	at org.eclipse.m2e.jdt.internal.launch.MavenLaunchConfigurationListener.launchConfigurationChanged(MavenLaunchConfigurationListener.java:40) [org.eclipse.m2e.jdt_1.14.0.20191209-1925.jar:na]
	at org.eclipse.debug.internal.core.LaunchManager$ConfigurationNotifier.run(LaunchManager.java:225) [org.eclipse.debug.core_3.14.100.v20191115-1406.jar:na]
	at org.eclipse.core.runtime.SafeRunner.run(SafeRunner.java:45) [org.eclipse.equinox.common_3.10.600.v20191004-1420.jar:na]
	at org.eclipse.debug.internal.core.LaunchManager$ConfigurationNotifier.notify(LaunchManager.java:209) [org.eclipse.debug.core_3.14.100.v20191115-1406.jar:na]
	at org.eclipse.debug.internal.core.LaunchManager.launchConfigurationChanged(LaunchManager.java:2147) [org.eclipse.debug.core_3.14.100.v20191115-1406.jar:na]
	at org.eclipse.debug.internal.core.LaunchConfigurationWorkingCopy.writeNewFile(LaunchConfigurationWorkingCopy.java:375) [org.eclipse.debug.core_3.14.100.v20191115-1406.jar:na]
	at org.eclipse.debug.internal.core.LaunchConfigurationWorkingCopy.doSave0(LaunchConfigurationWorkingCopy.java:258) [org.eclipse.debug.core_3.14.100.v20191115-1406.jar:na]
	at org.eclipse.debug.internal.core.LaunchConfigurationWorkingCopy.doSave(LaunchConfigurationWorkingCopy.java:228) [org.eclipse.debug.core_3.14.100.v20191115-1406.jar:na]
	at org.eclipse.debug.internal.core.LaunchConfigurationWorkingCopy.doSave(LaunchConfigurationWorkingCopy.java:186) [org.eclipse.debug.core_3.14.100.v20191115-1406.jar:na]
	at org.eclipse.m2e.jdt.internal.launch.MavenRuntimeClasspathProvider.disable(MavenRuntimeClasspathProvider.java:349) [org.eclipse.m2e.jdt_1.14.0.20191209-1925.jar:na]
	at org.eclipse.m2e.jdt.internal.launch.MavenRuntimeClasspathProvider.disable(MavenRuntimeClasspathProvider.java:373) [org.eclipse.m2e.jdt_1.14.0.20191209-1925.jar:na]
	at org.eclipse.m2e.jdt.internal.launch.MavenLaunchConfigurationListener.mavenProjectChanged(MavenLaunchConfigurationListener.java:72) [org.eclipse.m2e.jdt_1.14.0.20191209-1925.jar:na]
	at org.eclipse.m2e.core.internal.project.registry.ProjectRegistryManager.notifyProjectChangeListeners(ProjectRegistryManager.java:821) [org.eclipse.m2e.core_1.14.0.20191209-1925.jar:na]
	at org.eclipse.m2e.core.internal.project.registry.ProjectRegistryManager.applyMutableProjectRegistry(ProjectRegistryManager.java:985) [org.eclipse.m2e.core_1.14.0.20191209-1925.jar:na]
	at org.eclipse.m2e.core.internal.project.registry.ProjectRegistryRefreshJob.lambda$0(ProjectRegistryRefreshJob.java:149) [org.eclipse.m2e.core_1.14.0.20191209-1925.jar:na]
	at org.eclipse.m2e.core.internal.embedder.MavenExecutionContext.executeBare(MavenExecutionContext.java:179) ~[org.eclipse.m2e.core_1.14.0.20191209-1925.jar:na]
	at org.eclipse.m2e.core.internal.embedder.MavenExecutionContext.execute(MavenExecutionContext.java:153) ~[org.eclipse.m2e.core_1.14.0.20191209-1925.jar:na]
	at org.eclipse.m2e.core.internal.embedder.MavenExecutionContext.execute(MavenExecutionContext.java:101) ~[org.eclipse.m2e.core_1.14.0.20191209-1925.jar:na]
	at org.eclipse.m2e.core.internal.embedder.MavenImpl.execute(MavenImpl.java:1375) ~[org.eclipse.m2e.core_1.14.0.20191209-1925.jar:na]
	at org.eclipse.m2e.core.internal.project.registry.ProjectRegistryRefreshJob.run(ProjectRegistryRefreshJob.java:84) [org.eclipse.m2e.core_1.14.0.20191209-1925.jar:na]
	at org.eclipse.core.internal.jobs.Worker.run(Worker.java:63) ~[org.eclipse.core.jobs_3.10.600.v20191122-2104.jar:na]
2021-11-29 16:52:26,687 [Worker-0: Updating Maven Dependencies] ERROR o.e.m.j.i.l.MavenLaunchConfigurationListener - Launch configuration ValidationNavBars references non-existing project E2EndProject.
org.eclipse.core.runtime.CoreException: Launch configuration ValidationNavBars references non-existing project E2EndProject.
	at org.eclipse.jdt.launching.JavaRuntime.abort(JavaRuntime.java:1838) ~[org.eclipse.jdt.launching_3.16.0.v20191108-0353.jar:na]
	at org.eclipse.jdt.launching.JavaRuntime.getJavaProject(JavaRuntime.java:1713) ~[org.eclipse.jdt.launching_3.16.0.v20191108-0353.jar:na]
	at org.eclipse.m2e.jdt.internal.launch.MavenLaunchConfigurationListener.updateLaunchConfiguration(MavenLaunchConfigurationListener.java:55) [org.eclipse.m2e.jdt_1.14.0.20191209-1925.jar:na]
	at org.eclipse.m2e.jdt.internal.launch.MavenLaunchConfigurationListener.launchConfigurationChanged(MavenLaunchConfigurationListener.java:40) [org.eclipse.m2e.jdt_1.14.0.20191209-1925.jar:na]
	at org.eclipse.debug.internal.core.LaunchManager$ConfigurationNotifier.run(LaunchManager.java:225) [org.eclipse.debug.core_3.14.100.v20191115-1406.jar:na]
	at org.eclipse.core.runtime.SafeRunner.run(SafeRunner.java:45) [org.eclipse.equinox.common_3.10.600.v20191004-1420.jar:na]
	at org.eclipse.debug.internal.core.LaunchManager$ConfigurationNotifier.notify(LaunchManager.java:209) [org.eclipse.debug.core_3.14.100.v20191115-1406.jar:na]
	at org.eclipse.debug.internal.core.LaunchConfigurationWorkingCopy.setDirty(LaunchConfigurationWorkingCopy.java:522) [org.eclipse.debug.core_3.14.100.v20191115-1406.jar:na]
	at org.eclipse.debug.internal.core.LaunchConfigurationWorkingCopy.setAttribute(LaunchConfigurationWorkingCopy.java:410) [org.eclipse.debug.core_3.14.100.v20191115-1406.jar:na]
	at org.eclipse.m2e.jdt.internal.launch.MavenRuntimeClasspathProvider.disable(MavenRuntimeClasspathProvider.java:347) [org.eclipse.m2e.jdt_1.14.0.20191209-1925.jar:na]
	at org.eclipse.m2e.jdt.internal.launch.MavenRuntimeClasspathProvider.disable(MavenRuntimeClasspathProvider.java:373) [org.eclipse.m2e.jdt_1.14.0.20191209-1925.jar:na]
	at org.eclipse.m2e.jdt.internal.launch.MavenLaunchConfigurationListener.mavenProjectChanged(MavenLaunchConfigurationListener.java:72) [org.eclipse.m2e.jdt_1.14.0.20191209-1925.jar:na]
	at org.eclipse.m2e.core.internal.project.registry.ProjectRegistryManager.notifyProjectChangeListeners(ProjectRegistryManager.java:821) [org.eclipse.m2e.core_1.14.0.20191209-1925.jar:na]
	at org.eclipse.m2e.core.internal.project.registry.ProjectRegistryManager.applyMutableProjectRegistry(ProjectRegistryManager.java:985) [org.eclipse.m2e.core_1.14.0.20191209-1925.jar:na]
	at org.eclipse.m2e.core.internal.project.registry.ProjectRegistryRefreshJob.lambda$0(ProjectRegistryRefreshJob.java:149) [org.eclipse.m2e.core_1.14.0.20191209-1925.jar:na]
	at org.eclipse.m2e.core.internal.embedder.MavenExecutionContext.executeBare(MavenExecutionContext.java:179) ~[org.eclipse.m2e.core_1.14.0.20191209-1925.jar:na]
	at org.eclipse.m2e.core.internal.embedder.MavenExecutionContext.execute(MavenExecutionContext.java:153) ~[org.eclipse.m2e.core_1.14.0.20191209-1925.jar:na]
	at org.eclipse.m2e.core.internal.embedder.MavenExecutionContext.execute(MavenExecutionContext.java:101) ~[org.eclipse.m2e.core_1.14.0.20191209-1925.jar:na]
	at org.eclipse.m2e.core.internal.embedder.MavenImpl.execute(MavenImpl.java:1375) ~[org.eclipse.m2e.core_1.14.0.20191209-1925.jar:na]
	at org.eclipse.m2e.core.internal.project.registry.ProjectRegistryRefreshJob.run(ProjectRegistryRefreshJob.java:84) [org.eclipse.m2e.core_1.14.0.20191209-1925.jar:na]
	at org.eclipse.core.internal.jobs.Worker.run(Worker.java:63) ~[org.eclipse.core.jobs_3.10.600.v20191122-2104.jar:na]
2021-11-29 16:52:26,689 [Worker-0: Updating Maven Dependencies] ERROR o.e.m.j.i.l.MavenLaunchConfigurationListener - Launch configuration ValidationNavBars references non-existing project E2EndProject.
org.eclipse.core.runtime.CoreException: Launch configuration ValidationNavBars references non-existing project E2EndProject.
	at org.eclipse.jdt.launching.JavaRuntime.abort(JavaRuntime.java:1838) ~[org.eclipse.jdt.launching_3.16.0.v20191108-0353.jar:na]
	at org.eclipse.jdt.launching.JavaRuntime.getJavaProject(JavaRuntime.java:1713) ~[org.eclipse.jdt.launching_3.16.0.v20191108-0353.jar:na]
	at org.eclipse.m2e.jdt.internal.launch.MavenLaunchConfigurationListener.updateLaunchConfiguration(MavenLaunchConfigurationListener.java:55) [org.eclipse.m2e.jdt_1.14.0.20191209-1925.jar:na]
	at org.eclipse.m2e.jdt.internal.launch.MavenLaunchConfigurationListener.launchConfigurationChanged(MavenLaunchConfigurationListener.java:40) [org.eclipse.m2e.jdt_1.14.0.20191209-1925.jar:na]
	at org.eclipse.debug.internal.core.LaunchManager$ConfigurationNotifier.run(LaunchManager.java:225) [org.eclipse.debug.core_3.14.100.v20191115-1406.jar:na]
	at org.eclipse.core.runtime.SafeRunner.run(SafeRunner.java:45) [org.eclipse.equinox.common_3.10.600.v20191004-1420.jar:na]
	at org.eclipse.debug.internal.core.LaunchManager$ConfigurationNotifier.notify(LaunchManager.java:209) [org.eclipse.debug.core_3.14.100.v20191115-1406.jar:na]
	at org.eclipse.debug.internal.core.LaunchConfigurationWorkingCopy.setDirty(LaunchConfigurationWorkingCopy.java:522) [org.eclipse.debug.core_3.14.100.v20191115-1406.jar:na]
	at org.eclipse.debug.internal.core.LaunchConfigurationWorkingCopy.setAttribute(LaunchConfigurationWorkingCopy.java:410) [org.eclipse.debug.core_3.14.100.v20191115-1406.jar:na]
	at org.eclipse.m2e.jdt.internal.launch.MavenRuntimeClasspathProvider.disable(MavenRuntimeClasspathProvider.java:348) [org.eclipse.m2e.jdt_1.14.0.20191209-1925.jar:na]
	at org.eclipse.m2e.jdt.internal.launch.MavenRuntimeClasspathProvider.disable(MavenRuntimeClasspathProvider.java:373) [org.eclipse.m2e.jdt_1.14.0.20191209-1925.jar:na]
	at org.eclipse.m2e.jdt.internal.launch.MavenLaunchConfigurationListener.mavenProjectChanged(MavenLaunchConfigurationListener.java:72) [org.eclipse.m2e.jdt_1.14.0.20191209-1925.jar:na]
	at org.eclipse.m2e.core.internal.project.registry.ProjectRegistryManager.notifyProjectChangeListeners(ProjectRegistryManager.java:821) [org.eclipse.m2e.core_1.14.0.20191209-1925.jar:na]
	at org.eclipse.m2e.core.internal.project.registry.ProjectRegistryManager.applyMutableProjectRegistry(ProjectRegistryManager.java:985) [org.eclipse.m2e.core_1.14.0.20191209-1925.jar:na]
	at org.eclipse.m2e.core.internal.project.registry.ProjectRegistryRefreshJob.lambda$0(ProjectRegistryRefreshJob.java:149) [org.eclipse.m2e.core_1.14.0.20191209-1925.jar:na]
	at org.eclipse.m2e.core.internal.embedder.MavenExecutionContext.executeBare(MavenExecutionContext.java:179) ~[org.eclipse.m2e.core_1.14.0.20191209-1925.jar:na]
	at org.eclipse.m2e.core.internal.embedder.MavenExecutionContext.execute(MavenExecutionContext.java:153) ~[org.eclipse.m2e.core_1.14.0.20191209-1925.jar:na]
	at org.eclipse.m2e.core.internal.embedder.MavenExecutionContext.execute(MavenExecutionContext.java:101) ~[org.eclipse.m2e.core_1.14.0.20191209-1925.jar:na]
	at org.eclipse.m2e.core.internal.embedder.MavenImpl.execute(MavenImpl.java:1375) ~[org.eclipse.m2e.core_1.14.0.20191209-1925.jar:na]
	at org.eclipse.m2e.core.internal.project.registry.ProjectRegistryRefreshJob.run(ProjectRegistryRefreshJob.java:84) [org.eclipse.m2e.core_1.14.0.20191209-1925.jar:na]
	at org.eclipse.core.internal.jobs.Worker.run(Worker.java:63) ~[org.eclipse.core.jobs_3.10.600.v20191122-2104.jar:na]
2021-11-29 16:52:26,707 [Worker-0: Updating Maven Dependencies] ERROR o.e.m.j.i.l.MavenLaunchConfigurationListener - Launch configuration ValidationNavBars references non-existing project E2EndProject.
org.eclipse.core.runtime.CoreException: Launch configuration ValidationNavBars references non-existing project E2EndProject.
	at org.eclipse.jdt.launching.JavaRuntime.abort(JavaRuntime.java:1838) ~[org.eclipse.jdt.launching_3.16.0.v20191108-0353.jar:na]
	at org.eclipse.jdt.launching.JavaRuntime.getJavaProject(JavaRuntime.java:1713) ~[org.eclipse.jdt.launching_3.16.0.v20191108-0353.jar:na]
	at org.eclipse.m2e.jdt.internal.launch.MavenLaunchConfigurationListener.updateLaunchConfiguration(MavenLaunchConfigurationListener.java:55) [org.eclipse.m2e.jdt_1.14.0.20191209-1925.jar:na]
	at org.eclipse.m2e.jdt.internal.launch.MavenLaunchConfigurationListener.launchConfigurationChanged(MavenLaunchConfigurationListener.java:40) [org.eclipse.m2e.jdt_1.14.0.20191209-1925.jar:na]
	at org.eclipse.debug.internal.core.LaunchManager$ConfigurationNotifier.run(LaunchManager.java:225) [org.eclipse.debug.core_3.14.100.v20191115-1406.jar:na]
	at org.eclipse.core.runtime.SafeRunner.run(SafeRunner.java:45) [org.eclipse.equinox.common_3.10.600.v20191004-1420.jar:na]
	at org.eclipse.debug.internal.core.LaunchManager$ConfigurationNotifier.notify(LaunchManager.java:209) [org.eclipse.debug.core_3.14.100.v20191115-1406.jar:na]
	at org.eclipse.debug.internal.core.LaunchManager.launchConfigurationChanged(LaunchManager.java:2147) [org.eclipse.debug.core_3.14.100.v20191115-1406.jar:na]
	at org.eclipse.debug.internal.core.LaunchConfigurationWorkingCopy.writeNewFile(LaunchConfigurationWorkingCopy.java:375) [org.eclipse.debug.core_3.14.100.v20191115-1406.jar:na]
	at org.eclipse.debug.internal.core.LaunchConfigurationWorkingCopy.doSave0(LaunchConfigurationWorkingCopy.java:258) [org.eclipse.debug.core_3.14.100.v20191115-1406.jar:na]
	at org.eclipse.debug.internal.core.LaunchConfigurationWorkingCopy.doSave(LaunchConfigurationWorkingCopy.java:228) [org.eclipse.debug.core_3.14.100.v20191115-1406.jar:na]
	at org.eclipse.debug.internal.core.LaunchConfigurationWorkingCopy.doSave(LaunchConfigurationWorkingCopy.java:186) [org.eclipse.debug.core_3.14.100.v20191115-1406.jar:na]
	at org.eclipse.m2e.jdt.internal.launch.MavenRuntimeClasspathProvider.disable(MavenRuntimeClasspathProvider.java:349) [org.eclipse.m2e.jdt_1.14.0.20191209-1925.jar:na]
	at org.eclipse.m2e.jdt.internal.launch.MavenRuntimeClasspathProvider.disable(MavenRuntimeClasspathProvider.java:373) [org.eclipse.m2e.jdt_1.14.0.20191209-1925.jar:na]
	at org.eclipse.m2e.jdt.internal.launch.MavenLaunchConfigurationListener.mavenProjectChanged(MavenLaunchConfigurationListener.java:72) [org.eclipse.m2e.jdt_1.14.0.20191209-1925.jar:na]
	at org.eclipse.m2e.core.internal.project.registry.ProjectRegistryManager.notifyProjectChangeListeners(ProjectRegistryManager.java:821) [org.eclipse.m2e.core_1.14.0.20191209-1925.jar:na]
	at org.eclipse.m2e.core.internal.project.registry.ProjectRegistryManager.applyMutableProjectRegistry(ProjectRegistryManager.java:985) [org.eclipse.m2e.core_1.14.0.20191209-1925.jar:na]
	at org.eclipse.m2e.core.internal.project.registry.ProjectRegistryRefreshJob.lambda$0(ProjectRegistryRefreshJob.java:149) [org.eclipse.m2e.core_1.14.0.20191209-1925.jar:na]
	at org.eclipse.m2e.core.internal.embedder.MavenExecutionContext.executeBare(MavenExecutionContext.java:179) ~[org.eclipse.m2e.core_1.14.0.20191209-1925.jar:na]
	at org.eclipse.m2e.core.internal.embedder.MavenExecutionContext.execute(MavenExecutionContext.java:153) ~[org.eclipse.m2e.core_1.14.0.20191209-1925.jar:na]
	at org.eclipse.m2e.core.internal.embedder.MavenExecutionContext.execute(MavenExecutionContext.java:101) ~[org.eclipse.m2e.core_1.14.0.20191209-1925.jar:na]
	at org.eclipse.m2e.core.internal.embedder.MavenImpl.execute(MavenImpl.java:1375) ~[org.eclipse.m2e.core_1.14.0.20191209-1925.jar:na]
	at org.eclipse.m2e.core.internal.project.registry.ProjectRegistryRefreshJob.run(ProjectRegistryRefreshJob.java:84) [org.eclipse.m2e.core_1.14.0.20191209-1925.jar:na]
	at org.eclipse.core.internal.jobs.Worker.run(Worker.java:63) ~[org.eclipse.core.jobs_3.10.600.v20191122-2104.jar:na]
2021-11-29 16:52:26,709 [Worker-0: Updating Maven Dependencies] ERROR o.e.m.j.i.l.MavenLaunchConfigurationListener - Launch configuration ValidationNavBars.validateAppNavBars references non-existing project E2EndProject.
org.eclipse.core.runtime.CoreException: Launch configuration ValidationNavBars.validateAppNavBars references non-existing project E2EndProject.
	at org.eclipse.jdt.launching.JavaRuntime.abort(JavaRuntime.java:1838) ~[org.eclipse.jdt.launching_3.16.0.v20191108-0353.jar:na]
	at org.eclipse.jdt.launching.JavaRuntime.getJavaProject(JavaRuntime.java:1713) ~[org.eclipse.jdt.launching_3.16.0.v20191108-0353.jar:na]
	at org.eclipse.m2e.jdt.internal.launch.MavenLaunchConfigurationListener.updateLaunchConfiguration(MavenLaunchConfigurationListener.java:55) [org.eclipse.m2e.jdt_1.14.0.20191209-1925.jar:na]
	at org.eclipse.m2e.jdt.internal.launch.MavenLaunchConfigurationListener.launchConfigurationChanged(MavenLaunchConfigurationListener.java:40) [org.eclipse.m2e.jdt_1.14.0.20191209-1925.jar:na]
	at org.eclipse.debug.internal.core.LaunchManager$ConfigurationNotifier.run(LaunchManager.java:225) [org.eclipse.debug.core_3.14.100.v20191115-1406.jar:na]
	at org.eclipse.core.runtime.SafeRunner.run(SafeRunner.java:45) [org.eclipse.equinox.common_3.10.600.v20191004-1420.jar:na]
	at org.eclipse.debug.internal.core.LaunchManager$ConfigurationNotifier.notify(LaunchManager.java:209) [org.eclipse.debug.core_3.14.100.v20191115-1406.jar:na]
	at org.eclipse.debug.internal.core.LaunchConfigurationWorkingCopy.setDirty(LaunchConfigurationWorkingCopy.java:522) [org.eclipse.debug.core_3.14.100.v20191115-1406.jar:na]
	at org.eclipse.debug.internal.core.LaunchConfigurationWorkingCopy.setAttribute(LaunchConfigurationWorkingCopy.java:410) [org.eclipse.debug.core_3.14.100.v20191115-1406.jar:na]
	at org.eclipse.m2e.jdt.internal.launch.MavenRuntimeClasspathProvider.disable(MavenRuntimeClasspathProvider.java:347) [org.eclipse.m2e.jdt_1.14.0.20191209-1925.jar:na]
	at org.eclipse.m2e.jdt.internal.launch.MavenRuntimeClasspathProvider.disable(MavenRuntimeClasspathProvider.java:373) [org.eclipse.m2e.jdt_1.14.0.20191209-1925.jar:na]
	at org.eclipse.m2e.jdt.internal.launch.MavenLaunchConfigurationListener.mavenProjectChanged(MavenLaunchConfigurationListener.java:72) [org.eclipse.m2e.jdt_1.14.0.20191209-1925.jar:na]
	at org.eclipse.m2e.core.internal.project.registry.ProjectRegistryManager.notifyProjectChangeListeners(ProjectRegistryManager.java:821) [org.eclipse.m2e.core_1.14.0.20191209-1925.jar:na]
	at org.eclipse.m2e.core.internal.project.registry.ProjectRegistryManager.applyMutableProjectRegistry(ProjectRegistryManager.java:985) [org.eclipse.m2e.core_1.14.0.20191209-1925.jar:na]
	at org.eclipse.m2e.core.internal.project.registry.ProjectRegistryRefreshJob.lambda$0(ProjectRegistryRefreshJob.java:149) [org.eclipse.m2e.core_1.14.0.20191209-1925.jar:na]
	at org.eclipse.m2e.core.internal.embedder.MavenExecutionContext.executeBare(MavenExecutionContext.java:179) ~[org.eclipse.m2e.core_1.14.0.20191209-1925.jar:na]
	at org.eclipse.m2e.core.internal.embedder.MavenExecutionContext.execute(MavenExecutionContext.java:153) ~[org.eclipse.m2e.core_1.14.0.20191209-1925.jar:na]
	at org.eclipse.m2e.core.internal.embedder.MavenExecutionContext.execute(MavenExecutionContext.java:101) ~[org.eclipse.m2e.core_1.14.0.20191209-1925.jar:na]
	at org.eclipse.m2e.core.internal.embedder.MavenImpl.execute(MavenImpl.java:1375) ~[org.eclipse.m2e.core_1.14.0.20191209-1925.jar:na]
	at org.eclipse.m2e.core.internal.project.registry.ProjectRegistryRefreshJob.run(ProjectRegistryRefreshJob.java:84) [org.eclipse.m2e.core_1.14.0.20191209-1925.jar:na]
	at org.eclipse.core.internal.jobs.Worker.run(Worker.java:63) ~[org.eclipse.core.jobs_3.10.600.v20191122-2104.jar:na]
2021-11-29 16:52:26,711 [Worker-0: Updating Maven Dependencies] ERROR o.e.m.j.i.l.MavenLaunchConfigurationListener - Launch configuration ValidationNavBars.validateAppNavBars references non-existing project E2EndProject.
org.eclipse.core.runtime.CoreException: Launch configuration ValidationNavBars.validateAppNavBars references non-existing project E2EndProject.
	at org.eclipse.jdt.launching.JavaRuntime.abort(JavaRuntime.java:1838) ~[org.eclipse.jdt.launching_3.16.0.v20191108-0353.jar:na]
	at org.eclipse.jdt.launching.JavaRuntime.getJavaProject(JavaRuntime.java:1713) ~[org.eclipse.jdt.launching_3.16.0.v20191108-0353.jar:na]
	at org.eclipse.m2e.jdt.internal.launch.MavenLaunchConfigurationListener.updateLaunchConfiguration(MavenLaunchConfigurationListener.java:55) [org.eclipse.m2e.jdt_1.14.0.20191209-1925.jar:na]
	at org.eclipse.m2e.jdt.internal.launch.MavenLaunchConfigurationListener.launchConfigurationChanged(MavenLaunchConfigurationListener.java:40) [org.eclipse.m2e.jdt_1.14.0.20191209-1925.jar:na]
	at org.eclipse.debug.internal.core.LaunchManager$ConfigurationNotifier.run(LaunchManager.java:225) [org.eclipse.debug.core_3.14.100.v20191115-1406.jar:na]
	at org.eclipse.core.runtime.SafeRunner.run(SafeRunner.java:45) [org.eclipse.equinox.common_3.10.600.v20191004-1420.jar:na]
	at org.eclipse.debug.internal.core.LaunchManager$ConfigurationNotifier.notify(LaunchManager.java:209) [org.eclipse.debug.core_3.14.100.v20191115-1406.jar:na]
	at org.eclipse.debug.internal.core.LaunchConfigurationWorkingCopy.setDirty(LaunchConfigurationWorkingCopy.java:522) [org.eclipse.debug.core_3.14.100.v20191115-1406.jar:na]
	at org.eclipse.debug.internal.core.LaunchConfigurationWorkingCopy.setAttribute(LaunchConfigurationWorkingCopy.java:410) [org.eclipse.debug.core_3.14.100.v20191115-1406.jar:na]
	at org.eclipse.m2e.jdt.internal.launch.MavenRuntimeClasspathProvider.disable(MavenRuntimeClasspathProvider.java:348) [org.eclipse.m2e.jdt_1.14.0.20191209-1925.jar:na]
	at org.eclipse.m2e.jdt.internal.launch.MavenRuntimeClasspathProvider.disable(MavenRuntimeClasspathProvider.java:373) [org.eclipse.m2e.jdt_1.14.0.20191209-1925.jar:na]
	at org.eclipse.m2e.jdt.internal.launch.MavenLaunchConfigurationListener.mavenProjectChanged(MavenLaunchConfigurationListener.java:72) [org.eclipse.m2e.jdt_1.14.0.20191209-1925.jar:na]
	at org.eclipse.m2e.core.internal.project.registry.ProjectRegistryManager.notifyProjectChangeListeners(ProjectRegistryManager.java:821) [org.eclipse.m2e.core_1.14.0.20191209-1925.jar:na]
	at org.eclipse.m2e.core.internal.project.registry.ProjectRegistryManager.applyMutableProjectRegistry(ProjectRegistryManager.java:985) [org.eclipse.m2e.core_1.14.0.20191209-1925.jar:na]
	at org.eclipse.m2e.core.internal.project.registry.ProjectRegistryRefreshJob.lambda$0(ProjectRegistryRefreshJob.java:149) [org.eclipse.m2e.core_1.14.0.20191209-1925.jar:na]
	at org.eclipse.m2e.core.internal.embedder.MavenExecutionContext.executeBare(MavenExecutionContext.java:179) ~[org.eclipse.m2e.core_1.14.0.20191209-1925.jar:na]
	at org.eclipse.m2e.core.internal.embedder.MavenExecutionContext.execute(MavenExecutionContext.java:153) ~[org.eclipse.m2e.core_1.14.0.20191209-1925.jar:na]
	at org.eclipse.m2e.core.internal.embedder.MavenExecutionContext.execute(MavenExecutionContext.java:101) ~[org.eclipse.m2e.core_1.14.0.20191209-1925.jar:na]
	at org.eclipse.m2e.core.internal.embedder.MavenImpl.execute(MavenImpl.java:1375) ~[org.eclipse.m2e.core_1.14.0.20191209-1925.jar:na]
	at org.eclipse.m2e.core.internal.project.registry.ProjectRegistryRefreshJob.run(ProjectRegistryRefreshJob.java:84) [org.eclipse.m2e.core_1.14.0.20191209-1925.jar:na]
	at org.eclipse.core.internal.jobs.Worker.run(Worker.java:63) ~[org.eclipse.core.jobs_3.10.600.v20191122-2104.jar:na]
2021-11-29 16:52:26,730 [Worker-0: Updating Maven Dependencies] ERROR o.e.m.j.i.l.MavenLaunchConfigurationListener - Launch configuration ValidationNavBars.validateAppNavBars references non-existing project E2EndProject.
org.eclipse.core.runtime.CoreException: Launch configuration ValidationNavBars.validateAppNavBars references non-existing project E2EndProject.
	at org.eclipse.jdt.launching.JavaRuntime.abort(JavaRuntime.java:1838) ~[org.eclipse.jdt.launching_3.16.0.v20191108-0353.jar:na]
	at org.eclipse.jdt.launching.JavaRuntime.getJavaProject(JavaRuntime.java:1713) ~[org.eclipse.jdt.launching_3.16.0.v20191108-0353.jar:na]
	at org.eclipse.m2e.jdt.internal.launch.MavenLaunchConfigurationListener.updateLaunchConfiguration(MavenLaunchConfigurationListener.java:55) [org.eclipse.m2e.jdt_1.14.0.20191209-1925.jar:na]
	at org.eclipse.m2e.jdt.internal.launch.MavenLaunchConfigurationListener.launchConfigurationChanged(MavenLaunchConfigurationListener.java:40) [org.eclipse.m2e.jdt_1.14.0.20191209-1925.jar:na]
	at org.eclipse.debug.internal.core.LaunchManager$ConfigurationNotifier.run(LaunchManager.java:225) [org.eclipse.debug.core_3.14.100.v20191115-1406.jar:na]
	at org.eclipse.core.runtime.SafeRunner.run(SafeRunner.java:45) [org.eclipse.equinox.common_3.10.600.v20191004-1420.jar:na]
	at org.eclipse.debug.internal.core.LaunchManager$ConfigurationNotifier.notify(LaunchManager.java:209) [org.eclipse.debug.core_3.14.100.v20191115-1406.jar:na]
	at org.eclipse.debug.internal.core.LaunchManager.launchConfigurationChanged(LaunchManager.java:2147) [org.eclipse.debug.core_3.14.100.v20191115-1406.jar:na]
	at org.eclipse.debug.internal.core.LaunchConfigurationWorkingCopy.writeNewFile(LaunchConfigurationWorkingCopy.java:375) [org.eclipse.debug.core_3.14.100.v20191115-1406.jar:na]
	at org.eclipse.debug.internal.core.LaunchConfigurationWorkingCopy.doSave0(LaunchConfigurationWorkingCopy.java:258) [org.eclipse.debug.core_3.14.100.v20191115-1406.jar:na]
	at org.eclipse.debug.internal.core.LaunchConfigurationWorkingCopy.doSave(LaunchConfigurationWorkingCopy.java:228) [org.eclipse.debug.core_3.14.100.v20191115-1406.jar:na]
	at org.eclipse.debug.internal.core.LaunchConfigurationWorkingCopy.doSave(LaunchConfigurationWorkingCopy.java:186) [org.eclipse.debug.core_3.14.100.v20191115-1406.jar:na]
	at org.eclipse.m2e.jdt.internal.launch.MavenRuntimeClasspathProvider.disable(MavenRuntimeClasspathProvider.java:349) [org.eclipse.m2e.jdt_1.14.0.20191209-1925.jar:na]
	at org.eclipse.m2e.jdt.internal.launch.MavenRuntimeClasspathProvider.disable(MavenRuntimeClasspathProvider.java:373) [org.eclipse.m2e.jdt_1.14.0.20191209-1925.jar:na]
	at org.eclipse.m2e.jdt.internal.launch.MavenLaunchConfigurationListener.mavenProjectChanged(MavenLaunchConfigurationListener.java:72) [org.eclipse.m2e.jdt_1.14.0.20191209-1925.jar:na]
	at org.eclipse.m2e.core.internal.project.registry.ProjectRegistryManager.notifyProjectChangeListeners(ProjectRegistryManager.java:821) [org.eclipse.m2e.core_1.14.0.20191209-1925.jar:na]
	at org.eclipse.m2e.core.internal.project.registry.ProjectRegistryManager.applyMutableProjectRegistry(ProjectRegistryManager.java:985) [org.eclipse.m2e.core_1.14.0.20191209-1925.jar:na]
	at org.eclipse.m2e.core.internal.project.registry.ProjectRegistryRefreshJob.lambda$0(ProjectRegistryRefreshJob.java:149) [org.eclipse.m2e.core_1.14.0.20191209-1925.jar:na]
	at org.eclipse.m2e.core.internal.embedder.MavenExecutionContext.executeBare(MavenExecutionContext.java:179) ~[org.eclipse.m2e.core_1.14.0.20191209-1925.jar:na]
	at org.eclipse.m2e.core.internal.embedder.MavenExecutionContext.execute(MavenExecutionContext.java:153) ~[org.eclipse.m2e.core_1.14.0.20191209-1925.jar:na]
	at org.eclipse.m2e.core.internal.embedder.MavenExecutionContext.execute(MavenExecutionContext.java:101) ~[org.eclipse.m2e.core_1.14.0.20191209-1925.jar:na]
	at org.eclipse.m2e.core.internal.embedder.MavenImpl.execute(MavenImpl.java:1375) ~[org.eclipse.m2e.core_1.14.0.20191209-1925.jar:na]
	at org.eclipse.m2e.core.internal.project.registry.ProjectRegistryRefreshJob.run(ProjectRegistryRefreshJob.java:84) [org.eclipse.m2e.core_1.14.0.20191209-1925.jar:na]
	at org.eclipse.core.internal.jobs.Worker.run(Worker.java:63) ~[org.eclipse.core.jobs_3.10.600.v20191122-2104.jar:na]
2021-11-29 16:52:26,733 [Worker-0: Updating Maven Dependencies] ERROR o.e.m.j.i.l.MavenLaunchConfigurationListener - Launch configuration ValidationTitles references non-existing project E2EndProject.
org.eclipse.core.runtime.CoreException: Launch configuration ValidationTitles references non-existing project E2EndProject.
	at org.eclipse.jdt.launching.JavaRuntime.abort(JavaRuntime.java:1838) ~[org.eclipse.jdt.launching_3.16.0.v20191108-0353.jar:na]
	at org.eclipse.jdt.launching.JavaRuntime.getJavaProject(JavaRuntime.java:1713) ~[org.eclipse.jdt.launching_3.16.0.v20191108-0353.jar:na]
	at org.eclipse.m2e.jdt.internal.launch.MavenLaunchConfigurationListener.updateLaunchConfiguration(MavenLaunchConfigurationListener.java:55) [org.eclipse.m2e.jdt_1.14.0.20191209-1925.jar:na]
	at org.eclipse.m2e.jdt.internal.launch.MavenLaunchConfigurationListener.launchConfigurationChanged(MavenLaunchConfigurationListener.java:40) [org.eclipse.m2e.jdt_1.14.0.20191209-1925.jar:na]
	at org.eclipse.debug.internal.core.LaunchManager$ConfigurationNotifier.run(LaunchManager.java:225) [org.eclipse.debug.core_3.14.100.v20191115-1406.jar:na]
	at org.eclipse.core.runtime.SafeRunner.run(SafeRunner.java:45) [org.eclipse.equinox.common_3.10.600.v20191004-1420.jar:na]
	at org.eclipse.debug.internal.core.LaunchManager$ConfigurationNotifier.notify(LaunchManager.java:209) [org.eclipse.debug.core_3.14.100.v20191115-1406.jar:na]
	at org.eclipse.debug.internal.core.LaunchConfigurationWorkingCopy.setDirty(LaunchConfigurationWorkingCopy.java:522) [org.eclipse.debug.core_3.14.100.v20191115-1406.jar:na]
	at org.eclipse.debug.internal.core.LaunchConfigurationWorkingCopy.setAttribute(LaunchConfigurationWorkingCopy.java:410) [org.eclipse.debug.core_3.14.100.v20191115-1406.jar:na]
	at org.eclipse.m2e.jdt.internal.launch.MavenRuntimeClasspathProvider.disable(MavenRuntimeClasspathProvider.java:347) [org.eclipse.m2e.jdt_1.14.0.20191209-1925.jar:na]
	at org.eclipse.m2e.jdt.internal.launch.MavenRuntimeClasspathProvider.disable(MavenRuntimeClasspathProvider.java:373) [org.eclipse.m2e.jdt_1.14.0.20191209-1925.jar:na]
	at org.eclipse.m2e.jdt.internal.launch.MavenLaunchConfigurationListener.mavenProjectChanged(MavenLaunchConfigurationListener.java:72) [org.eclipse.m2e.jdt_1.14.0.20191209-1925.jar:na]
	at org.eclipse.m2e.core.internal.project.registry.ProjectRegistryManager.notifyProjectChangeListeners(ProjectRegistryManager.java:821) [org.eclipse.m2e.core_1.14.0.20191209-1925.jar:na]
	at org.eclipse.m2e.core.internal.project.registry.ProjectRegistryManager.applyMutableProjectRegistry(ProjectRegistryManager.java:985) [org.eclipse.m2e.core_1.14.0.20191209-1925.jar:na]
	at org.eclipse.m2e.core.internal.project.registry.ProjectRegistryRefreshJob.lambda$0(ProjectRegistryRefreshJob.java:149) [org.eclipse.m2e.core_1.14.0.20191209-1925.jar:na]
	at org.eclipse.m2e.core.internal.embedder.MavenExecutionContext.executeBare(MavenExecutionContext.java:179) ~[org.eclipse.m2e.core_1.14.0.20191209-1925.jar:na]
	at org.eclipse.m2e.core.internal.embedder.MavenExecutionContext.execute(MavenExecutionContext.java:153) ~[org.eclipse.m2e.core_1.14.0.20191209-1925.jar:na]
	at org.eclipse.m2e.core.internal.embedder.MavenExecutionContext.execute(MavenExecutionContext.java:101) ~[org.eclipse.m2e.core_1.14.0.20191209-1925.jar:na]
	at org.eclipse.m2e.core.internal.embedder.MavenImpl.execute(MavenImpl.java:1375) ~[org.eclipse.m2e.core_1.14.0.20191209-1925.jar:na]
	at org.eclipse.m2e.core.internal.project.registry.ProjectRegistryRefreshJob.run(ProjectRegistryRefreshJob.java:84) [org.eclipse.m2e.core_1.14.0.20191209-1925.jar:na]
	at org.eclipse.core.internal.jobs.Worker.run(Worker.java:63) ~[org.eclipse.core.jobs_3.10.600.v20191122-2104.jar:na]
2021-11-29 16:52:26,735 [Worker-0: Updating Maven Dependencies] ERROR o.e.m.j.i.l.MavenLaunchConfigurationListener - Launch configuration ValidationTitles references non-existing project E2EndProject.
org.eclipse.core.runtime.CoreException: Launch configuration ValidationTitles references non-existing project E2EndProject.
	at org.eclipse.jdt.launching.JavaRuntime.abort(JavaRuntime.java:1838) ~[org.eclipse.jdt.launching_3.16.0.v20191108-0353.jar:na]
	at org.eclipse.jdt.launching.JavaRuntime.getJavaProject(JavaRuntime.java:1713) ~[org.eclipse.jdt.launching_3.16.0.v20191108-0353.jar:na]
	at org.eclipse.m2e.jdt.internal.launch.MavenLaunchConfigurationListener.updateLaunchConfiguration(MavenLaunchConfigurationListener.java:55) [org.eclipse.m2e.jdt_1.14.0.20191209-1925.jar:na]
	at org.eclipse.m2e.jdt.internal.launch.MavenLaunchConfigurationListener.launchConfigurationChanged(MavenLaunchConfigurationListener.java:40) [org.eclipse.m2e.jdt_1.14.0.20191209-1925.jar:na]
	at org.eclipse.debug.internal.core.LaunchManager$ConfigurationNotifier.run(LaunchManager.java:225) [org.eclipse.debug.core_3.14.100.v20191115-1406.jar:na]
	at org.eclipse.core.runtime.SafeRunner.run(SafeRunner.java:45) [org.eclipse.equinox.common_3.10.600.v20191004-1420.jar:na]
	at org.eclipse.debug.internal.core.LaunchManager$ConfigurationNotifier.notify(LaunchManager.java:209) [org.eclipse.debug.core_3.14.100.v20191115-1406.jar:na]
	at org.eclipse.debug.internal.core.LaunchConfigurationWorkingCopy.setDirty(LaunchConfigurationWorkingCopy.java:522) [org.eclipse.debug.core_3.14.100.v20191115-1406.jar:na]
	at org.eclipse.debug.internal.core.LaunchConfigurationWorkingCopy.setAttribute(LaunchConfigurationWorkingCopy.java:410) [org.eclipse.debug.core_3.14.100.v20191115-1406.jar:na]
	at org.eclipse.m2e.jdt.internal.launch.MavenRuntimeClasspathProvider.disable(MavenRuntimeClasspathProvider.java:348) [org.eclipse.m2e.jdt_1.14.0.20191209-1925.jar:na]
	at org.eclipse.m2e.jdt.internal.launch.MavenRuntimeClasspathProvider.disable(MavenRuntimeClasspathProvider.java:373) [org.eclipse.m2e.jdt_1.14.0.20191209-1925.jar:na]
	at org.eclipse.m2e.jdt.internal.launch.MavenLaunchConfigurationListener.mavenProjectChanged(MavenLaunchConfigurationListener.java:72) [org.eclipse.m2e.jdt_1.14.0.20191209-1925.jar:na]
	at org.eclipse.m2e.core.internal.project.registry.ProjectRegistryManager.notifyProjectChangeListeners(ProjectRegistryManager.java:821) [org.eclipse.m2e.core_1.14.0.20191209-1925.jar:na]
	at org.eclipse.m2e.core.internal.project.registry.ProjectRegistryManager.applyMutableProjectRegistry(ProjectRegistryManager.java:985) [org.eclipse.m2e.core_1.14.0.20191209-1925.jar:na]
	at org.eclipse.m2e.core.internal.project.registry.ProjectRegistryRefreshJob.lambda$0(ProjectRegistryRefreshJob.java:149) [org.eclipse.m2e.core_1.14.0.20191209-1925.jar:na]
	at org.eclipse.m2e.core.internal.embedder.MavenExecutionContext.executeBare(MavenExecutionContext.java:179) ~[org.eclipse.m2e.core_1.14.0.20191209-1925.jar:na]
	at org.eclipse.m2e.core.internal.embedder.MavenExecutionContext.execute(MavenExecutionContext.java:153) ~[org.eclipse.m2e.core_1.14.0.20191209-1925.jar:na]
	at org.eclipse.m2e.core.internal.embedder.MavenExecutionContext.execute(MavenExecutionContext.java:101) ~[org.eclipse.m2e.core_1.14.0.20191209-1925.jar:na]
	at org.eclipse.m2e.core.internal.embedder.MavenImpl.execute(MavenImpl.java:1375) ~[org.eclipse.m2e.core_1.14.0.20191209-1925.jar:na]
	at org.eclipse.m2e.core.internal.project.registry.ProjectRegistryRefreshJob.run(ProjectRegistryRefreshJob.java:84) [org.eclipse.m2e.core_1.14.0.20191209-1925.jar:na]
	at org.eclipse.core.internal.jobs.Worker.run(Worker.java:63) ~[org.eclipse.core.jobs_3.10.600.v20191122-2104.jar:na]
2021-11-29 16:52:26,752 [Worker-0: Updating Maven Dependencies] ERROR o.e.m.j.i.l.MavenLaunchConfigurationListener - Launch configuration ValidationTitles references non-existing project E2EndProject.
org.eclipse.core.runtime.CoreException: Launch configuration ValidationTitles references non-existing project E2EndProject.
	at org.eclipse.jdt.launching.JavaRuntime.abort(JavaRuntime.java:1838) ~[org.eclipse.jdt.launching_3.16.0.v20191108-0353.jar:na]
	at org.eclipse.jdt.launching.JavaRuntime.getJavaProject(JavaRuntime.java:1713) ~[org.eclipse.jdt.launching_3.16.0.v20191108-0353.jar:na]
	at org.eclipse.m2e.jdt.internal.launch.MavenLaunchConfigurationListener.updateLaunchConfiguration(MavenLaunchConfigurationListener.java:55) [org.eclipse.m2e.jdt_1.14.0.20191209-1925.jar:na]
	at org.eclipse.m2e.jdt.internal.launch.MavenLaunchConfigurationListener.launchConfigurationChanged(MavenLaunchConfigurationListener.java:40) [org.eclipse.m2e.jdt_1.14.0.20191209-1925.jar:na]
	at org.eclipse.debug.internal.core.LaunchManager$ConfigurationNotifier.run(LaunchManager.java:225) [org.eclipse.debug.core_3.14.100.v20191115-1406.jar:na]
	at org.eclipse.core.runtime.SafeRunner.run(SafeRunner.java:45) [org.eclipse.equinox.common_3.10.600.v20191004-1420.jar:na]
	at org.eclipse.debug.internal.core.LaunchManager$ConfigurationNotifier.notify(LaunchManager.java:209) [org.eclipse.debug.core_3.14.100.v20191115-1406.jar:na]
	at org.eclipse.debug.internal.core.LaunchManager.launchConfigurationChanged(LaunchManager.java:2147) [org.eclipse.debug.core_3.14.100.v20191115-1406.jar:na]
	at org.eclipse.debug.internal.core.LaunchConfigurationWorkingCopy.writeNewFile(LaunchConfigurationWorkingCopy.java:375) [org.eclipse.debug.core_3.14.100.v20191115-1406.jar:na]
	at org.eclipse.debug.internal.core.LaunchConfigurationWorkingCopy.doSave0(LaunchConfigurationWorkingCopy.java:258) [org.eclipse.debug.core_3.14.100.v20191115-1406.jar:na]
	at org.eclipse.debug.internal.core.LaunchConfigurationWorkingCopy.doSave(LaunchConfigurationWorkingCopy.java:228) [org.eclipse.debug.core_3.14.100.v20191115-1406.jar:na]
	at org.eclipse.debug.internal.core.LaunchConfigurationWorkingCopy.doSave(LaunchConfigurationWorkingCopy.java:186) [org.eclipse.debug.core_3.14.100.v20191115-1406.jar:na]
	at org.eclipse.m2e.jdt.internal.launch.MavenRuntimeClasspathProvider.disable(MavenRuntimeClasspathProvider.java:349) [org.eclipse.m2e.jdt_1.14.0.20191209-1925.jar:na]
	at org.eclipse.m2e.jdt.internal.launch.MavenRuntimeClasspathProvider.disable(MavenRuntimeClasspathProvider.java:373) [org.eclipse.m2e.jdt_1.14.0.20191209-1925.jar:na]
	at org.eclipse.m2e.jdt.internal.launch.MavenLaunchConfigurationListener.mavenProjectChanged(MavenLaunchConfigurationListener.java:72) [org.eclipse.m2e.jdt_1.14.0.20191209-1925.jar:na]
	at org.eclipse.m2e.core.internal.project.registry.ProjectRegistryManager.notifyProjectChangeListeners(ProjectRegistryManager.java:821) [org.eclipse.m2e.core_1.14.0.20191209-1925.jar:na]
	at org.eclipse.m2e.core.internal.project.registry.ProjectRegistryManager.applyMutableProjectRegistry(ProjectRegistryManager.java:985) [org.eclipse.m2e.core_1.14.0.20191209-1925.jar:na]
	at org.eclipse.m2e.core.internal.project.registry.ProjectRegistryRefreshJob.lambda$0(ProjectRegistryRefreshJob.java:149) [org.eclipse.m2e.core_1.14.0.20191209-1925.jar:na]
	at org.eclipse.m2e.core.internal.embedder.MavenExecutionContext.executeBare(MavenExecutionContext.java:179) ~[org.eclipse.m2e.core_1.14.0.20191209-1925.jar:na]
	at org.eclipse.m2e.core.internal.embedder.MavenExecutionContext.execute(MavenExecutionContext.java:153) ~[org.eclipse.m2e.core_1.14.0.20191209-1925.jar:na]
	at org.eclipse.m2e.core.internal.embedder.MavenExecutionContext.execute(MavenExecutionContext.java:101) ~[org.eclipse.m2e.core_1.14.0.20191209-1925.jar:na]
	at org.eclipse.m2e.core.internal.embedder.MavenImpl.execute(MavenImpl.java:1375) ~[org.eclipse.m2e.core_1.14.0.20191209-1925.jar:na]
	at org.eclipse.m2e.core.internal.project.registry.ProjectRegistryRefreshJob.run(ProjectRegistryRefreshJob.java:84) [org.eclipse.m2e.core_1.14.0.20191209-1925.jar:na]
	at org.eclipse.core.internal.jobs.Worker.run(Worker.java:63) ~[org.eclipse.core.jobs_3.10.600.v20191122-2104.jar:na]
